Added Component: Designator=C?(C0402)
Add component (AddParameter): Name = "Manufacturer"; Value = "Walsin Technology Corporation"; VariantName = "[No Variations]"
Add component (AddParameter): Name = "Manufacturer Part Description"; Value = "CAP CER 0.1uF ±10% 25V X5R 0402 (1005 Metric)"; VariantName = "[No Variations]"
Add component (AddParameter): Name = "Manufacturer Part Number"; Value = "0402X104K250CT"; VariantName = "[No Variations]"
Added Component: Designator=C?(C0402)
Add component (AddParameter): Name = "Manufacturer"; Value = "Murata"; VariantName = "[No Variations]"
Add component (AddParameter): Name = "Manufacturer Part Description"; Value = "CAP CER 2.2uF ±20% 10V X5R 0402 (1005 Metric)"; VariantName = "[No Variations]"
Add component (AddParameter): Name = "Manufacturer Part Number"; Value = "GRM155R61A225ME95D"; VariantName = "[No Variations]"
Added Component: Designator=C?(C0402)
Add component (AddParameter): Name = "Manufacturer"; Value = "Samsung Electro-Mechanics"; VariantName = "[No Variations]"
Add component (AddParameter): Name = "Manufacturer Part Description"; Value = "CAP CER 10uF ±20% 10V X5R 0402 (1005 Metric)"; VariantName = "[No Variations]"
Add component (AddParameter): Name = "Manufacturer Part Number"; Value = "CL05A106MP8NUB8"; VariantName = "[No Variations]"
Added Component: Designator=C?(C0402)
Add component (AddParameter): Name = "Manufacturer"; Value = "Samsung"; VariantName = "[No Variations]"
Add component (AddParameter): Name = "Manufacturer Part Description"; Value = "CAP CER 10000pF ±10% 25V X7R 0402 (1005 Metric)"; VariantName = "[No Variations]"
Add component (AddParameter): Name = "Manufacturer Part Number"; Value = "CL05B103KA5NNNC"; VariantName = "[No Variations]"
Added Component: Designator=C?(C0402)
Add component (AddParameter): Name = "Manufacturer"; Value = "Walsin Technology Corporation"; VariantName = "[No Variations]"
Add component (AddParameter): Name = "Manufacturer Part Description"; Value = "CAP CER 0.1uF ±10% 25V X5R 0402 (1005 Metric)"; VariantName = "[No Variations]"
Add component (AddParameter): Name = "Manufacturer Part Number"; Value = "0402X104K250CT"; VariantName = "[No Variations]"
Added Component: Designator=C?(C0402)
Add component (AddParameter): Name = "Manufacturer"; Value = "Walsin Technology Corporation"; VariantName = "[No Variations]"
Add component (AddParameter): Name = "Manufacturer Part Description"; Value = "CAP CER 0.1uF ±10% 25V X5R 0402 (1005 Metric)"; VariantName = "[No Variations]"
Add component (AddParameter): Name = "Manufacturer Part Number"; Value = "0402X104K250CT"; VariantName = "[No Variations]"
Added Component: Designator=C?(C0402)
Add component (AddParameter): Name = "Manufacturer"; Value = "Walsin Technology Corporation"; VariantName = "[No Variations]"
Add component (AddParameter): Name = "Manufacturer Part Description"; Value = "CAP CER 0.1uF ±10% 25V X5R 0402 (1005 Metric)"; VariantName = "[No Variations]"
Add component (AddParameter): Name = "Manufacturer Part Number"; Value = "0402X104K250CT"; VariantName = "[No Variations]"
Added Component: Designator=C?(C0402)
Add component (AddParameter): Name = "Manufacturer"; Value = "Walsin Technology Corporation"; VariantName = "[No Variations]"
Add component (AddParameter): Name = "Manufacturer Part Description"; Value = "CAP CER 0.1uF ±10% 25V X5R 0402 (1005 Metric)"; VariantName = "[No Variations]"
Add component (AddParameter): Name = "Manufacturer Part Number"; Value = "0402X104K250CT"; VariantName = "[No Variations]"
Added Component: Designator=C?(C0402)
Add component (AddParameter): Name = "Manufacturer"; Value = "Samsung Electro-Mechanics"; VariantName = "[No Variations]"
Add component (AddParameter): Name = "Manufacturer Part Description"; Value = "CAP CER 10uF ±20% 10V X5R 0402 (1005 Metric)"; VariantName = "[No Variations]"
Add component (AddParameter): Name = "Manufacturer Part Number"; Value = "CL05A106MP8NUB8"; VariantName = "[No Variations]"
Added Component: Designator=C?(C0402)
Add component (AddParameter): Name = "Manufacturer"; Value = "Samsung Electro-Mechanics"; VariantName = "[No Variations]"
Add component (AddParameter): Name = "Manufacturer Part Description"; Value = "CAP CER 10uF ±20% 10V X5R 0402 (1005 Metric)"; VariantName = "[No Variations]"
Add component (AddParameter): Name = "Manufacturer Part Number"; Value = "CL05A106MP8NUB8"; VariantName = "[No Variations]"
Added Component: Designator=C?(C0402)
Add component (AddParameter): Name = "Manufacturer"; Value = "Samsung Electro-Mechanics"; VariantName = "[No Variations]"
Add component (AddParameter): Name = "Manufacturer Part Description"; Value = "CAP CER 1uF ±10% 10V X5R 0402 (1005 Metric)"; VariantName = "[No Variations]"
Add component (AddParameter): Name = "Manufacturer Part Number"; Value = "CL05A105KP5NNNC"; VariantName = "[No Variations]"
Added Component: Designator=C?(C0402)
Add component (AddParameter): Name = "Manufacturer"; Value = "Murata"; VariantName = "[No Variations]"
Add component (AddParameter): Name = "Manufacturer Part Description"; Value = "CAP CER 2.2uF ±20% 10V X5R 0402 (1005 Metric)"; VariantName = "[No Variations]"
Add component (AddParameter): Name = "Manufacturer Part Number"; Value = "GRM155R61A225ME95D"; VariantName = "[No Variations]"
Added Component: Designator=C?(C0402)
Add component (AddParameter): Name = "Manufacturer"; Value = "Samsung Electro-Mechanics"; VariantName = "[No Variations]"
Add component (AddParameter): Name = "Manufacturer Part Description"; Value = "CAP CER 10uF ±20% 10V X5R 0402 (1005 Metric)"; VariantName = "[No Variations]"
Add component (AddParameter): Name = "Manufacturer Part Number"; Value = "CL05A106MP8NUB8"; VariantName = "[No Variations]"
Added Component: Designator=C?(C0402)
Add component (AddParameter): Name = "Manufacturer"; Value = "Samsung Electro-Mechanics"; VariantName = "[No Variations]"
Add component (AddParameter): Name = "Manufacturer Part Description"; Value = "CAP CER 10uF ±20% 10V X5R 0402 (1005 Metric)"; VariantName = "[No Variations]"
Add component (AddParameter): Name = "Manufacturer Part Number"; Value = "CL05A106MP8NUB8"; VariantName = "[No Variations]"
Added Component: Designator=C?(C0402)
Add component (AddParameter): Name = "Manufacturer"; Value = "Samsung Electro-Mechanics"; VariantName = "[No Variations]"
Add component (AddParameter): Name = "Manufacturer Part Description"; Value = "CAP CER 10uF ±20% 10V X5R 0402 (1005 Metric)"; VariantName = "[No Variations]"
Add component (AddParameter): Name = "Manufacturer Part Number"; Value = "CL05A106MP8NUB8"; VariantName = "[No Variations]"
Added Component: Designator=C?(C0402)
Add component (AddParameter): Name = "Manufacturer"; Value = "Samsung Electro-Mechanics"; VariantName = "[No Variations]"
Add component (AddParameter): Name = "Manufacturer Part Description"; Value = "CAP CER 1uF ±10% 10V X5R 0402 (1005 Metric)"; VariantName = "[No Variations]"
Add component (AddParameter): Name = "Manufacturer Part Number"; Value = "CL05A105KP5NNNC"; VariantName = "[No Variations]"
Added Component: Designator=C?(C0402)
Add component (AddParameter): Name = "Manufacturer"; Value = "Samsung Electro-Mechanics"; VariantName = "[No Variations]"
Add component (AddParameter): Name = "Manufacturer Part Description"; Value = "CAP CER 10uF ±20% 10V X5R 0402 (1005 Metric)"; VariantName = "[No Variations]"
Add component (AddParameter): Name = "Manufacturer Part Number"; Value = "CL05A106MP8NUB8"; VariantName = "[No Variations]"
Added Component: Designator=D?(SOP65P210X110-6N)
Add component (AddParameter): Name = "Arrow Part Number"; Value = "LM66100DCKR"; VariantName = "[No Variations]"
Add component (AddParameter): Name = "Arrow Price/Stock"; Value = "https://www.arrow.com/en/products/lm66100dckr/texas-instruments?region=europe"; VariantName = "[No Variations]"
Add component (AddParameter): Name = "Datasheet Link"; Value = "http://www.ti.com/lit/gpn/LM66100"; VariantName = "[No Variations]"
Add component (AddParameter): Name = "Height"; Value = "1.1mm"; VariantName = "[No Variations]"
Add component (AddParameter): Name = "Manufacturer_Name"; Value = "Texas Instruments"; VariantName = "[No Variations]"
Add component (AddParameter): Name = "Manufacturer_Part_Number"; Value = "LM66100DCKR"; VariantName = "[No Variations]"
Add component (AddParameter): Name = "Mouser Part Number"; Value = "595-LM66100DCKR"; VariantName = "[No Variations]"
Add component (AddParameter): Name = "Mouser Price/Stock"; Value = "https://www.mouser.co.uk/ProductDetail/Texas-Instruments/LM66100DCKR?qs=vLWxofP3U2y2yPPrXoBBoA%3D%3D"; VariantName = "[No Variations]"
Added Component: Designator=R?(R0402)
Add component (AddParameter): Name = "Manufacturer"; Value = "Yageo"; VariantName = "[No Variations]"
Add component (AddParameter): Name = "Manufacturer Part Description"; Value = "RES 5.1K Ohm ±1% 1/16W 0402 (1005 Metric)"; VariantName = "[No Variations]"
Add component (AddParameter): Name = "Manufacturer Part Number"; Value = "RC0402FR-075K1L"; VariantName = "[No Variations]"
Added Component: Designator=U?(ZEDF9P15B)
Add component (AddParameter): Name = "Datasheet Link"; Value = "https://content.u-blox.com/sites/default/files/documents/ZED-F9P-15B_DataSheet_UBX-23009090.pdf"; VariantName = "[No Variations]"
Add component (AddParameter): Name = "Height"; Value = "2.6mm"; VariantName = "[No Variations]"
Add component (AddParameter): Name = "Manufacturer_Name"; Value = "U-Blox"; VariantName = "[No Variations]"
Add component (AddParameter): Name = "Manufacturer_Part_Number"; Value = "ZED-F9P-15B"; VariantName = "[No Variations]"
Add component (AddParameter): Name = "Mouser Part Number"; Value = "377-ZED-F9P-15B"; VariantName = "[No Variations]"
Added Component: Designator=U?(BMM150)
Add component (AddParameter): Name = "Arrow Part Number"; Value = "BMM150"; VariantName = "[No Variations]"
Add component (AddParameter): Name = "Arrow Price/Stock"; Value = "https://www.arrow.com/en/products/bmm150/bosch?region=nac"; VariantName = "[No Variations]"
Add component (AddParameter): Name = "Datasheet Link"; Value = "https://www.arrow.com/en/products/bmm150/bosch"; VariantName = "[No Variations]"
Add component (AddParameter): Name = "Height"; Value = "0.6mm"; VariantName = "[No Variations]"
Add component (AddParameter): Name = "Manufacturer_Name"; Value = "BOSCH"; VariantName = "[No Variations]"
Add component (AddParameter): Name = "Manufacturer_Part_Number"; Value = "BMM150"; VariantName = "[No Variations]"
Add component (AddParameter): Name = "Mouser Part Number"; Value = "262-BMM150"; VariantName = "[No Variations]"
Add component (AddParameter): Name = "Mouser Price/Stock"; Value = "https://www.mouser.co.uk/ProductDetail/Bosch-Sensortec/BMM150?qs=d72FGnIDsgTOmKpCEe6mYw%3D%3D"; VariantName = "[No Variations]"
Added Component: Designator=U?(QFN50P700X700X65-49N-D)
Add component (AddParameter): Name = "Datasheet Link"; Value = "https://www.st.com/resource/en/datasheet/stm32f412ve.pdf"; VariantName = "[No Variations]"
Add component (AddParameter): Name = "Geometry.Height"; Value = "0.65mm"; VariantName = "[No Variations]"
Add component (AddParameter): Name = "Manufacturer_Name"; Value = "STMicroelectronics"; VariantName = "[No Variations]"
Add component (AddParameter): Name = "Manufacturer_Part_Number"; Value = "STM32F412CEU6"; VariantName = "[No Variations]"
Add component (AddParameter): Name = "Mouser Part Number"; Value = "511-STM32F412CEU6"; VariantName = "[No Variations]"
Add component (AddParameter): Name = "Mouser Price/Stock"; Value = "https://www.mouser.co.uk/ProductDetail/STMicroelectronics/STM32F412CEU6?qs=xwQlLnDx56BQrVh57SaY3Q%3D%3D"; VariantName = "[No Variations]"
Added Component: Designator=U?(BMP390)
Add component (AddParameter): Name = "Manufacturer"; Value = "Bosch Sensortec"; VariantName = "[No Variations]"
Add component (AddParameter): Name = "Manufacturer Part Number"; Value = "BMP390"; VariantName = "[No Variations]"
Added Component: Designator=U?(ZEDF9P15B)
Add component (AddParameter): Name = "Datasheet Link"; Value = "https://content.u-blox.com/sites/default/files/documents/ZED-F9P-15B_DataSheet_UBX-23009090.pdf"; VariantName = "[No Variations]"
Add component (AddParameter): Name = "Height"; Value = "2.6mm"; VariantName = "[No Variations]"
Add component (AddParameter): Name = "Manufacturer_Name"; Value = "U-Blox"; VariantName = "[No Variations]"
Add component (AddParameter): Name = "Manufacturer_Part_Number"; Value = "ZED-F9P-15B"; VariantName = "[No Variations]"
Add component (AddParameter): Name = "Mouser Part Number"; Value = "377-ZED-F9P-15B"; VariantName = "[No Variations]"
Added Component: Designator=U?(SON65P200X200X80-7N)
Add component (AddParameter): Name = "Arrow Part Number"; Value = "NCV8705MT33TCG"; VariantName = "[No Variations]"
Add component (AddParameter): Name = "Arrow Price/Stock"; Value = "https://www.arrow.com/en/products/ncv8705mt33tcg/on-semiconductor"; VariantName = "[No Variations]"
Add component (AddParameter): Name = "Datasheet Link"; Value = "https://mouser.componentsearchengine.com/Datasheets/2/NCV8705MT33TCG.pdf"; VariantName = "[No Variations]"
Add component (AddParameter): Name = "Height"; Value = "0.8mm"; VariantName = "[No Variations]"
Add component (AddParameter): Name = "Manufacturer_Name"; Value = "onsemi"; VariantName = "[No Variations]"
Add component (AddParameter): Name = "Manufacturer_Part_Number"; Value = "NCV8705MT33TCG"; VariantName = "[No Variations]"
Add component (AddParameter): Name = "Mouser Part Number"; Value = "863-NCV8705MT33TCG"; VariantName = "[No Variations]"
Add component (AddParameter): Name = "Mouser Price/Stock"; Value = "https://www.mouser.co.uk/ProductDetail/onsemi/NCV8705MT33TCG?qs=dbuNSGnowt08ckPc9kUZHw%3D%3D"; VariantName = "[No Variations]"
Added Component: Designator=U?(SON65P200X200X80-7N)
Add component (AddParameter): Name = "Arrow Part Number"; Value = "NCV8705MT33TCG"; VariantName = "[No Variations]"
Add component (AddParameter): Name = "Arrow Price/Stock"; Value = "https://www.arrow.com/en/products/ncv8705mt33tcg/on-semiconductor"; VariantName = "[No Variations]"
Add component (AddParameter): Name = "Datasheet Link"; Value = "https://mouser.componentsearchengine.com/Datasheets/2/NCV8705MT33TCG.pdf"; VariantName = "[No Variations]"
Add component (AddParameter): Name = "Height"; Value = "0.8mm"; VariantName = "[No Variations]"
Add component (AddParameter): Name = "Manufacturer_Name"; Value = "onsemi"; VariantName = "[No Variations]"
Add component (AddParameter): Name = "Manufacturer_Part_Number"; Value = "NCV8705MT33TCG"; VariantName = "[No Variations]"
Add component (AddParameter): Name = "Mouser Part Number"; Value = "863-NCV8705MT33TCG"; VariantName = "[No Variations]"
Add component (AddParameter): Name = "Mouser Price/Stock"; Value = "https://www.mouser.co.uk/ProductDetail/onsemi/NCV8705MT33TCG?qs=dbuNSGnowt08ckPc9kUZHw%3D%3D"; VariantName = "[No Variations]"
Added Component: Designator=U?(LFSPXO072801REEL)
Add component (AddParameter): Name = "Arrow Part Number"; Value = "LFSPXO072801REEL"; VariantName = "[No Variations]"
Add component (AddParameter): Name = "Arrow Price/Stock"; Value = "https://www.arrow.com/en/products/lfspxo072801reel/iqd-frequency-products?region=nac"; VariantName = "[No Variations]"
Add component (AddParameter): Name = "Datasheet Link"; Value = "https://eu.mouser.com/datasheet/2/741/LFSPXO072801Reel-1543851.pdf"; VariantName = "[No Variations]"
Add component (AddParameter): Name = "Height"; Value = "1mm"; VariantName = "[No Variations]"
Add component (AddParameter): Name = "Manufacturer_Name"; Value = "IQD"; VariantName = "[No Variations]"
Add component (AddParameter): Name = "Manufacturer_Part_Number"; Value = "LFSPXO072801REEL"; VariantName = "[No Variations]"
Add component (AddParameter): Name = "Mouser Part Number"; Value = "449-LFSPXO072801REEL"; VariantName = "[No Variations]"
Add component (AddParameter): Name = "Mouser Price/Stock"; Value = "https://www.mouser.co.uk/ProductDetail/IQD/LFSPXO072801Reel?qs=HXFqYaX1Q2yCGu0eBJbHng%3D%3D"; VariantName = "[No Variations]"
Added Component: Designator=U?(IIM42352)
Add component (AddParameter): Name = "Arrow Part Number"; Value = "ICM-42688-P"; VariantName = "[No Variations]"
Add component (AddParameter): Name = "Arrow Price/Stock"; Value = "https://www.arrow.com/en/products/icm-42688-p/invensense?region=nac"; VariantName = "[No Variations]"
Add component (AddParameter): Name = "Datasheet Link"; Value = "https://3cfeqx1hf82y3xcoull08ihx-wpengine.netdna-ssl.com/wp-content/uploads/2021/06/DS-000347-ICM-42688-P-v1.5.pdf"; VariantName = "[No Variations]"
Add component (AddParameter): Name = "Manufacturer_Name"; Value = "TDK"; VariantName = "[No Variations]"
Add component (AddParameter): Name = "Manufacturer_Part_Number"; Value = "ICM-42688-P"; VariantName = "[No Variations]"
Add component (AddParameter): Name = "Mouser Part Number"; Value = "410-ICM-42688-P"; VariantName = "[No Variations]"
Add component (AddParameter): Name = "Mouser Price/Stock"; Value = "https://www.mouser.co.uk/ProductDetail/TDK-InvenSense/ICM-42688-P?qs=OlC7AqGiEDk8QrNAV728zw%3D%3D"; VariantName = "[No Variations]"
Added Pin To Net: NetName=3.3V GPS Pin=C?-1
Added Pin To Net: NetName=3.3V GPS Pin=C?-1
Added Pin To Net: NetName=3.3V GPS Pin=C?-2
Added Pin To Net: NetName=3.3V GPS Pin=U?-1
Added Net: Name=3.3V GPS
Added Pin To Net: NetName=3.3V Pin=C?-1
Added Pin To Net: NetName=3.3V Pin=C?-1
Added Pin To Net: NetName=3.3V Pin=C?-1
Added Pin To Net: NetName=3.3V Pin=C?-2
Added Pin To Net: NetName=3.3V Pin=C?-2
Added Pin To Net: NetName=3.3V Pin=C?-2
Added Pin To Net: NetName=3.3V Pin=C?-2
Added Pin To Net: NetName=3.3V Pin=C?-2
Added Pin To Net: NetName=3.3V Pin=C?-2
Added Pin To Net: NetName=3.3V Pin=C?-2
Added Pin To Net: NetName=3.3V Pin=U?-1
Added Pin To Net: NetName=3.3V Pin=U?-1
Added Pin To Net: NetName=3.3V Pin=U?-1
Added Pin To Net: NetName=3.3V Pin=U?-5
Added Pin To Net: NetName=3.3V Pin=U?-6
Added Pin To Net: NetName=3.3V Pin=U?-8
Added Pin To Net: NetName=3.3V Pin=U?-10
Added Pin To Net: NetName=3.3V Pin=U?-A1
Added Pin To Net: NetName=3.3V Pin=U?-B2
Added Pin To Net: NetName=3.3V Pin=U?-E5
Added Net: Name=3.3V
Added Pin To Net: NetName=5V CAN Pin=C?-2
Added Pin To Net: NetName=5V CAN Pin=D?-1
Added Net: Name=5V CAN
Added Pin To Net: NetName=5V Pin=C?-1
Added Pin To Net: NetName=5V Pin=C?-2
Added Pin To Net: NetName=5V Pin=C?-2
Added Pin To Net: NetName=5V Pin=D?-6
Added Pin To Net: NetName=5V Pin=U?-4
Added Pin To Net: NetName=5V Pin=U?-4
Added Pin To Net: NetName=5V Pin=U?-6
Added Pin To Net: NetName=5V Pin=U?-6
Added Net: Name=5V
Added Pin To Net: NetName=GND Pin=C?-1
Added Pin To Net: NetName=GND Pin=C?-1
Added Pin To Net: NetName=GND Pin=C?-1
Added Pin To Net: NetName=GND Pin=C?-1
Added Pin To Net: NetName=GND Pin=C?-1
Added Pin To Net: NetName=GND Pin=C?-1
Added Pin To Net: NetName=GND Pin=C?-1
Added Pin To Net: NetName=GND Pin=C?-1
Added Pin To Net: NetName=GND Pin=C?-1
Added Pin To Net: NetName=GND Pin=C?-1
Added Pin To Net: NetName=GND Pin=C?-1
Added Pin To Net: NetName=GND Pin=C?-2
Added Pin To Net: NetName=GND Pin=C?-2
Added Pin To Net: NetName=GND Pin=C?-2
Added Pin To Net: NetName=GND Pin=C?-2
Added Pin To Net: NetName=GND Pin=C?-2
Added Pin To Net: NetName=GND Pin=C?-2
Added Pin To Net: NetName=GND Pin=D?-2
Added Pin To Net: NetName=GND Pin=R?-1
Added Pin To Net: NetName=GND Pin=U?-1
Added Pin To Net: NetName=GND Pin=U?-2
Added Pin To Net: NetName=GND Pin=U?-2
Added Pin To Net: NetName=GND Pin=U?-3
Added Pin To Net: NetName=GND Pin=U?-3
Added Pin To Net: NetName=GND Pin=U?-3
Added Pin To Net: NetName=GND Pin=U?-3
Added Pin To Net: NetName=GND Pin=U?-3
Added Pin To Net: NetName=GND Pin=U?-5
Added Pin To Net: NetName=GND Pin=U?-6
Added Pin To Net: NetName=GND Pin=U?-7
Added Pin To Net: NetName=GND Pin=U?-7
Added Pin To Net: NetName=GND Pin=U?-7
Added Pin To Net: NetName=GND Pin=U?-8
Added Pin To Net: NetName=GND Pin=U?-9
Added Pin To Net: NetName=GND Pin=U?-10
Added Pin To Net: NetName=GND Pin=U?-11
Added Pin To Net: NetName=GND Pin=U?-12
Added Pin To Net: NetName=GND Pin=U?-14
Added Pin To Net: NetName=GND Pin=U?-23
Added Pin To Net: NetName=GND Pin=U?-32
Added Pin To Net: NetName=GND Pin=U?-35
Added Pin To Net: NetName=GND Pin=U?-37
Added Pin To Net: NetName=GND Pin=U?-41
Added Pin To Net: NetName=GND Pin=U?-47
Added Pin To Net: NetName=GND Pin=U?-48
Added Pin To Net: NetName=GND Pin=U?-49
Added Pin To Net: NetName=GND Pin=U?-55
Added Pin To Net: NetName=GND Pin=U?-A5
Added Pin To Net: NetName=GND Pin=U?-C1
Added Pin To Net: NetName=GND Pin=U?-C5
Added Pin To Net: NetName=GND Pin=U?-E1
Added Pin To Net: NetName=GND Pin=U?-E3
Added Pin To Net: NetName=GND Pin=U?-56
Added Pin To Net: NetName=GND Pin=U?-57
Added Pin To Net: NetName=GND Pin=U?-58
Added Pin To Net: NetName=GND Pin=U?-59
Added Pin To Net: NetName=GND Pin=U?-60
Added Pin To Net: NetName=GND Pin=U?-61
Added Pin To Net: NetName=GND Pin=U?-62
Added Pin To Net: NetName=GND Pin=U?-63
Added Pin To Net: NetName=GND Pin=U?-64
Added Pin To Net: NetName=GND Pin=U?-65
Added Pin To Net: NetName=GND Pin=U?-66
Added Pin To Net: NetName=GND Pin=U?-67
Added Pin To Net: NetName=GND Pin=U?-68
Added Pin To Net: NetName=GND Pin=U?-69
Added Pin To Net: NetName=GND Pin=U?-70
Added Pin To Net: NetName=GND Pin=U?-71
Added Pin To Net: NetName=GND Pin=U?-72
Added Pin To Net: NetName=GND Pin=U?-73
Added Pin To Net: NetName=GND Pin=U?-74
Added Pin To Net: NetName=GND Pin=U?-75
Added Pin To Net: NetName=GND Pin=U?-76
Added Pin To Net: NetName=GND Pin=U?-77
Added Pin To Net: NetName=GND Pin=U?-78
Added Pin To Net: NetName=GND Pin=U?-79
Added Pin To Net: NetName=GND Pin=U?-80
Added Pin To Net: NetName=GND Pin=U?-81
Added Pin To Net: NetName=GND Pin=U?-82
Added Pin To Net: NetName=GND Pin=U?-83
Added Pin To Net: NetName=GND Pin=U?-84
Added Pin To Net: NetName=GND Pin=U?-85
Added Pin To Net: NetName=GND Pin=U?-86
Added Pin To Net: NetName=GND Pin=U?-87
Added Pin To Net: NetName=GND Pin=U?-88
Added Pin To Net: NetName=GND Pin=U?-89
Added Pin To Net: NetName=GND Pin=U?-90
Added Pin To Net: NetName=GND Pin=U?-91
Added Pin To Net: NetName=GND Pin=U?-92
Added Pin To Net: NetName=GND Pin=U?-93
Added Pin To Net: NetName=GND Pin=U?-94
Added Pin To Net: NetName=GND Pin=U?-95
Added Pin To Net: NetName=GND Pin=U?-96
Added Pin To Net: NetName=GND Pin=U?-97
Added Pin To Net: NetName=GND Pin=U?-98
Added Pin To Net: NetName=GND Pin=U?-99
Added Pin To Net: NetName=GND Pin=U?-100
Added Pin To Net: NetName=GND Pin=U?-101
Added Pin To Net: NetName=GND Pin=U?-102
Added Net: Name=GND
Added Pin To Net: NetName=I2C1_SCL_MAG Pin=U?-A3
Added Net: Name=I2C1_SCL_MAG
Added Pin To Net: NetName=I2C1_SDA_MAG Pin=U?-B4
Added Net: Name=I2C1_SDA_MAG
Added Pin To Net: NetName=I2C2_SCL_BARO Pin=U?-2
Added Net: Name=I2C2_SCL_BARO
Added Pin To Net: NetName=I2C2_SDA_BARO Pin=U?-4
Added Net: Name=I2C2_SDA_BARO
Added Pin To Net: NetName=NetD?_3 Pin=D?-3
Added Pin To Net: NetName=NetD?_3 Pin=R?-2
Added Net: Name=NetD?_3
Added Pin To Net: NetName=SPI1_CS_ICM42688P Pin=U?-12
Added Net: Name=SPI1_CS_ICM42688P
Added Pin To Net: NetName=SPI1_DRDY_ICM42688P Pin=U?-4
Added Net: Name=SPI1_DRDY_ICM42688P
Added Pin To Net: NetName=SPI1_FSYNC_ICM42688P_TIM10_CH1 Pin=U?-9
Added Net: Name=SPI1_FSYNC_ICM42688P_TIM10_CH1
Added Pin To Net: NetName=SPI1_MISO Pin=U?-1
Added Net: Name=SPI1_MISO
Added Pin To Net: NetName=SPI1_MOSI Pin=U?-14
Added Net: Name=SPI1_MOSI
Added Pin To Net: NetName=SPI1_SCK Pin=U?-13
Added Net: Name=SPI1_SCK
Added Class: Name=NavIC_F9P_RTK_Schematic2
Added Class: Name=NavIC_F9P_RTK_Schematic3
