Added Component: Designator=C?(C0402)
Add component (AddParameter): Name = "Manufacturer"; Value = "Samsung"; VariantName = "[No Variations]"
Add component (AddParameter): Name = "Manufacturer Part Description"; Value = "CAP CER 10000pF ±10% 25V X7R 0402 (1005 Metric)"; VariantName = "[No Variations]"
Add component (AddParameter): Name = "Manufacturer Part Number"; Value = "CL05B103KA5NNNC"; VariantName = "[No Variations]"
Added Component: Designator=C?(C0402)
Add component (AddParameter): Name = "Manufacturer"; Value = "Walsin Technology Corporation"; VariantName = "[No Variations]"
Add component (AddParameter): Name = "Manufacturer Part Description"; Value = "CAP CER 0.1uF ±10% 25V X5R 0402 (1005 Metric)"; VariantName = "[No Variations]"
Add component (AddParameter): Name = "Manufacturer Part Number"; Value = "0402X104K250CT"; VariantName = "[No Variations]"
Added Component: Designator=C?(C0402)
Add component (AddParameter): Name = "Manufacturer"; Value = "Walsin Technology Corporation"; VariantName = "[No Variations]"
Add component (AddParameter): Name = "Manufacturer Part Description"; Value = "CAP CER 0.1uF ±10% 25V X5R 0402 (1005 Metric)"; VariantName = "[No Variations]"
Add component (AddParameter): Name = "Manufacturer Part Number"; Value = "0402X104K250CT"; VariantName = "[No Variations]"
Added Component: Designator=C?(C0402)
Add component (AddParameter): Name = "Manufacturer"; Value = "Walsin Technology Corporation"; VariantName = "[No Variations]"
Add component (AddParameter): Name = "Manufacturer Part Description"; Value = "CAP CER 0.1uF ±10% 25V X5R 0402 (1005 Metric)"; VariantName = "[No Variations]"
Add component (AddParameter): Name = "Manufacturer Part Number"; Value = "0402X104K250CT"; VariantName = "[No Variations]"
Added Component: Designator=C?(C0402)
Add component (AddParameter): Name = "Manufacturer"; Value = "Murata"; VariantName = "[No Variations]"
Add component (AddParameter): Name = "Manufacturer Part Description"; Value = "CAP CER 2.2uF ±20% 10V X5R 0402 (1005 Metric)"; VariantName = "[No Variations]"
Add component (AddParameter): Name = "Manufacturer Part Number"; Value = "GRM155R61A225ME95D"; VariantName = "[No Variations]"
Added Component: Designator=C?(C0402)
Add component (AddParameter): Name = "Manufacturer"; Value = "Samsung Electro-Mechanics"; VariantName = "[No Variations]"
Add component (AddParameter): Name = "Manufacturer Part Description"; Value = "CAP CER 1uF ±10% 10V X5R 0402 (1005 Metric)"; VariantName = "[No Variations]"
Add component (AddParameter): Name = "Manufacturer Part Number"; Value = "CL05A105KP5NNNC"; VariantName = "[No Variations]"
Added Component: Designator=C?(C0402)
Add component (AddParameter): Name = "Manufacturer"; Value = "Walsin Technology Corporation"; VariantName = "[No Variations]"
Add component (AddParameter): Name = "Manufacturer Part Description"; Value = "CAP CER 0.1uF ±10% 25V X5R 0402 (1005 Metric)"; VariantName = "[No Variations]"
Add component (AddParameter): Name = "Manufacturer Part Number"; Value = "0402X104K250CT"; VariantName = "[No Variations]"
Added Component: Designator=C?(DSK3R3H334THL)
Add component (AddParameter): Name = "Arrow Part Number"; Value = ""; VariantName = "[No Variations]"
Add component (AddParameter): Name = "Arrow Price/Stock"; Value = ""; VariantName = "[No Variations]"
Add component (AddParameter): Name = "Datasheet Link"; Value = "https://componentsearchengine.com/Datasheets/1/DSK-3R3H224U-HL.pdf"; VariantName = "[No Variations]"
Add component (AddParameter): Name = "Height"; Value = "3mm"; VariantName = "[No Variations]"
Add component (AddParameter): Name = "Manufacturer_Name"; Value = "Elna"; VariantName = "[No Variations]"
Add component (AddParameter): Name = "Manufacturer_Part_Number"; Value = "DSK-3R3H224U-HL"; VariantName = "[No Variations]"
Add component (AddParameter): Name = "Mouser Part Number"; Value = "555-DSK3R3H224U-HL"; VariantName = "[No Variations]"
Add component (AddParameter): Name = "Mouser Price/Stock"; Value = "https://www.mouser.co.uk/ProductDetail/Elna/DSK-3R3H224U-HL?qs=QQsyD2Kvh2ftLwsh6FwcaA%3D%3D"; VariantName = "[No Variations]"
Added Component: Designator=C?(C0402)
Add component (AddParameter): Name = "Manufacturer"; Value = "Samsung"; VariantName = "[No Variations]"
Add component (AddParameter): Name = "Manufacturer Part Description"; Value = "CAP CER 10000pF ±10% 25V X7R 0402 (1005 Metric)"; VariantName = "[No Variations]"
Add component (AddParameter): Name = "Manufacturer Part Number"; Value = "CL05B103KA5NNNC"; VariantName = "[No Variations]"
Added Component: Designator=C?(C0402)
Add component (AddParameter): Name = "Manufacturer"; Value = "Murata"; VariantName = "[No Variations]"
Add component (AddParameter): Name = "Manufacturer Part Description"; Value = "CAP CER 2.2uF ±20% 10V X5R 0402 (1005 Metric)"; VariantName = "[No Variations]"
Add component (AddParameter): Name = "Manufacturer Part Number"; Value = "GRM155R61A225ME95D"; VariantName = "[No Variations]"
Added Component: Designator=C?(C0402)
Add component (AddParameter): Name = "Manufacturer"; Value = "Walsin Technology Corporation"; VariantName = "[No Variations]"
Add component (AddParameter): Name = "Manufacturer Part Description"; Value = "CAP CER 0.1uF ±10% 25V X5R 0402 (1005 Metric)"; VariantName = "[No Variations]"
Add component (AddParameter): Name = "Manufacturer Part Number"; Value = "0402X104K250CT"; VariantName = "[No Variations]"
Added Component: Designator=C?(C0402)
Add component (AddParameter): Name = "Manufacturer"; Value = "Walsin Technology Corporation"; VariantName = "[No Variations]"
Add component (AddParameter): Name = "Manufacturer Part Description"; Value = "CAP CER 0.1uF ±10% 25V X5R 0402 (1005 Metric)"; VariantName = "[No Variations]"
Add component (AddParameter): Name = "Manufacturer Part Number"; Value = "0402X104K250CT"; VariantName = "[No Variations]"
Added Component: Designator=C?(C0402)
Add component (AddParameter): Name = "Manufacturer"; Value = "Samsung Electro-Mechanics"; VariantName = "[No Variations]"
Add component (AddParameter): Name = "Manufacturer Part Description"; Value = "CAP CER 100pF ±5% 50V NPO 0402 (1005 Metric)"; VariantName = "[No Variations]"
Add component (AddParameter): Name = "Manufacturer Part Number"; Value = "CL05C101JB5NNNC"; VariantName = "[No Variations]"
Added Component: Designator=C?(C0402)
Add component (AddParameter): Name = "Manufacturer"; Value = "Walsin Technology Corporation"; VariantName = "[No Variations]"
Add component (AddParameter): Name = "Manufacturer Part Description"; Value = "CAP CER 0.1uF ±10% 25V X5R 0402 (1005 Metric)"; VariantName = "[No Variations]"
Add component (AddParameter): Name = "Manufacturer Part Number"; Value = "0402X104K250CT"; VariantName = "[No Variations]"
Added Component: Designator=C?(C0402)
Add component (AddParameter): Name = "Manufacturer"; Value = "Samsung Electro-Mechanics"; VariantName = "[No Variations]"
Add component (AddParameter): Name = "Manufacturer Part Description"; Value = "CAP CER 1uF ±10% 10V X5R 0402 (1005 Metric)"; VariantName = "[No Variations]"
Add component (AddParameter): Name = "Manufacturer Part Number"; Value = "CL05A105KP5NNNC"; VariantName = "[No Variations]"
Added Component: Designator=C?(C0402)
Add component (AddParameter): Name = "Manufacturer"; Value = "Walsin Technology Corporation"; VariantName = "[No Variations]"
Add component (AddParameter): Name = "Manufacturer Part Description"; Value = "CAP CER 0.1uF ±10% 25V X5R 0402 (1005 Metric)"; VariantName = "[No Variations]"
Add component (AddParameter): Name = "Manufacturer Part Number"; Value = "0402X104K250CT"; VariantName = "[No Variations]"
Added Component: Designator=C?(C0402)
Add component (AddParameter): Name = "Manufacturer"; Value = "Walsin Technology Corporation"; VariantName = "[No Variations]"
Add component (AddParameter): Name = "Manufacturer Part Description"; Value = "CAP CER 0.1uF ±10% 25V X5R 0402 (1005 Metric)"; VariantName = "[No Variations]"
Add component (AddParameter): Name = "Manufacturer Part Number"; Value = "0402X104K250CT"; VariantName = "[No Variations]"
Added Component: Designator=C?(C0402)
Add component (AddParameter): Name = "Manufacturer"; Value = "TDK Corporation"; VariantName = "[No Variations]"
Add component (AddParameter): Name = "Manufacturer Part Description"; Value = "CAP CER 4.7uF ±10% 6.3V X5R 0402 (1005 Metric)"; VariantName = "[No Variations]"
Add component (AddParameter): Name = "Manufacturer Part Number"; Value = "C1005X5R0J475K050BC"; VariantName = "[No Variations]"
Added Component: Designator=C?(C0402)
Add component (AddParameter): Name = "Manufacturer"; Value = "Samsung Electro-Mechanics"; VariantName = "[No Variations]"
Add component (AddParameter): Name = "Manufacturer Part Description"; Value = "CAP CER 10uF ±20% 10V X5R 0402 (1005 Metric)"; VariantName = "[No Variations]"
Add component (AddParameter): Name = "Manufacturer Part Number"; Value = "CL05A106MP8NUB8"; VariantName = "[No Variations]"
Added Component: Designator=C?(C0402)
Add component (AddParameter): Name = "Manufacturer"; Value = "Samsung Electro-Mechanics"; VariantName = "[No Variations]"
Add component (AddParameter): Name = "Manufacturer Part Description"; Value = "CAP CER 1uF ±10% 10V X5R 0402 (1005 Metric)"; VariantName = "[No Variations]"
Add component (AddParameter): Name = "Manufacturer Part Number"; Value = "CL05A105KP5NNNC"; VariantName = "[No Variations]"
Added Component: Designator=C?(C0402)
Add component (AddParameter): Name = "Manufacturer"; Value = "Samsung Electro-Mechanics"; VariantName = "[No Variations]"
Add component (AddParameter): Name = "Manufacturer Part Description"; Value = "CAP CER 1uF ±10% 10V X5R 0402 (1005 Metric)"; VariantName = "[No Variations]"
Add component (AddParameter): Name = "Manufacturer Part Number"; Value = "CL05A105KP5NNNC"; VariantName = "[No Variations]"
Added Component: Designator=C?(C0402)
Add component (AddParameter): Name = "Manufacturer"; Value = "Samsung Electro-Mechanics"; VariantName = "[No Variations]"
Add component (AddParameter): Name = "Manufacturer Part Description"; Value = "CAP CER 10uF ±20% 10V X5R 0402 (1005 Metric)"; VariantName = "[No Variations]"
Add component (AddParameter): Name = "Manufacturer Part Number"; Value = "CL05A106MP8NUB8"; VariantName = "[No Variations]"
Added Component: Designator=C?(C0402)
Add component (AddParameter): Name = "Manufacturer"; Value = "Samsung Electro-Mechanics"; VariantName = "[No Variations]"
Add component (AddParameter): Name = "Manufacturer Part Description"; Value = "CAP CER 10uF ±20% 10V X5R 0402 (1005 Metric)"; VariantName = "[No Variations]"
Add component (AddParameter): Name = "Manufacturer Part Number"; Value = "CL05A106MP8NUB8"; VariantName = "[No Variations]"
Added Component: Designator=C?(C0402)
Add component (AddParameter): Name = "Manufacturer"; Value = "Walsin Technology Corporation"; VariantName = "[No Variations]"
Add component (AddParameter): Name = "Manufacturer Part Description"; Value = "CAP CER 0.1uF ±10% 25V X5R 0402 (1005 Metric)"; VariantName = "[No Variations]"
Add component (AddParameter): Name = "Manufacturer Part Number"; Value = "0402X104K250CT"; VariantName = "[No Variations]"
Added Component: Designator=C?(C0402)
Add component (AddParameter): Name = "Manufacturer"; Value = "Murata"; VariantName = "[No Variations]"
Add component (AddParameter): Name = "Manufacturer Part Description"; Value = "CAP CER 2.2uF ±20% 10V X5R 0402 (1005 Metric)"; VariantName = "[No Variations]"
Add component (AddParameter): Name = "Manufacturer Part Number"; Value = "GRM155R61A225ME95D"; VariantName = "[No Variations]"
Added Component: Designator=C?(C0402)
Add component (AddParameter): Name = "Manufacturer"; Value = "Samsung Electro-Mechanics"; VariantName = "[No Variations]"
Add component (AddParameter): Name = "Manufacturer Part Description"; Value = "CAP CER 10uF ±20% 10V X5R 0402 (1005 Metric)"; VariantName = "[No Variations]"
Add component (AddParameter): Name = "Manufacturer Part Number"; Value = "CL05A106MP8NUB8"; VariantName = "[No Variations]"
Added Component: Designator=C?(C0402)
Add component (AddParameter): Name = "Manufacturer"; Value = "Samsung Electro-Mechanics"; VariantName = "[No Variations]"
Add component (AddParameter): Name = "Manufacturer Part Description"; Value = "CAP CER 10uF ±20% 10V X5R 0402 (1005 Metric)"; VariantName = "[No Variations]"
Add component (AddParameter): Name = "Manufacturer Part Number"; Value = "CL05A106MP8NUB8"; VariantName = "[No Variations]"
Added Component: Designator=C?(C0402)
Add component (AddParameter): Name = "Manufacturer"; Value = "Walsin Technology Corporation"; VariantName = "[No Variations]"
Add component (AddParameter): Name = "Manufacturer Part Description"; Value = "CAP CER 0.1uF ±10% 25V X5R 0402 (1005 Metric)"; VariantName = "[No Variations]"
Add component (AddParameter): Name = "Manufacturer Part Number"; Value = "0402X104K250CT"; VariantName = "[No Variations]"
Added Component: Designator=C?(C0402)
Add component (AddParameter): Name = "Manufacturer"; Value = "Walsin Technology Corporation"; VariantName = "[No Variations]"
Add component (AddParameter): Name = "Manufacturer Part Description"; Value = "CAP CER 0.1uF ±10% 25V X5R 0402 (1005 Metric)"; VariantName = "[No Variations]"
Add component (AddParameter): Name = "Manufacturer Part Number"; Value = "0402X104K250CT"; VariantName = "[No Variations]"
Added Component: Designator=C?(C0402)
Add component (AddParameter): Name = "Manufacturer"; Value = "Walsin Technology Corporation"; VariantName = "[No Variations]"
Add component (AddParameter): Name = "Manufacturer Part Description"; Value = "CAP CER 0.1uF ±10% 25V X5R 0402 (1005 Metric)"; VariantName = "[No Variations]"
Add component (AddParameter): Name = "Manufacturer Part Number"; Value = "0402X104K250CT"; VariantName = "[No Variations]"
Added Component: Designator=C?(C0402)
Add component (AddParameter): Name = "Manufacturer"; Value = "Murata"; VariantName = "[No Variations]"
Add component (AddParameter): Name = "Manufacturer Part Description"; Value = "CAP CER 2.2uF ±20% 10V X5R 0402 (1005 Metric)"; VariantName = "[No Variations]"
Add component (AddParameter): Name = "Manufacturer Part Number"; Value = "GRM155R61A225ME95D"; VariantName = "[No Variations]"
Added Component: Designator=C?(C0402)
Add component (AddParameter): Name = "Manufacturer"; Value = "Murata"; VariantName = "[No Variations]"
Add component (AddParameter): Name = "Manufacturer Part Description"; Value = "CAP CER 2.2uF ±20% 10V X5R 0402 (1005 Metric)"; VariantName = "[No Variations]"
Add component (AddParameter): Name = "Manufacturer Part Number"; Value = "GRM155R61A225ME95D"; VariantName = "[No Variations]"
Added Component: Designator=C?(C0402)
Add component (AddParameter): Name = "Manufacturer"; Value = "Samsung Electro-Mechanics"; VariantName = "[No Variations]"
Add component (AddParameter): Name = "Manufacturer Part Description"; Value = "CAP CER 10uF ±20% 10V X5R 0402 (1005 Metric)"; VariantName = "[No Variations]"
Add component (AddParameter): Name = "Manufacturer Part Number"; Value = "CL05A106MP8NUB8"; VariantName = "[No Variations]"
Added Component: Designator=C?(C0402)
Add component (AddParameter): Name = "Manufacturer"; Value = "Samsung Electro-Mechanics"; VariantName = "[No Variations]"
Add component (AddParameter): Name = "Manufacturer Part Description"; Value = "CAP CER 1uF ±10% 10V X5R 0402 (1005 Metric)"; VariantName = "[No Variations]"
Add component (AddParameter): Name = "Manufacturer Part Number"; Value = "CL05A105KP5NNNC"; VariantName = "[No Variations]"
Added Component: Designator=C?(C0402)
Add component (AddParameter): Name = "Manufacturer"; Value = "Samsung Electro-Mechanics"; VariantName = "[No Variations]"
Add component (AddParameter): Name = "Manufacturer Part Description"; Value = "CAP CER 10uF ±20% 10V X5R 0402 (1005 Metric)"; VariantName = "[No Variations]"
Add component (AddParameter): Name = "Manufacturer Part Number"; Value = "CL05A106MP8NUB8"; VariantName = "[No Variations]"
Added Component: Designator=D?(SODFL1006X40N)
Add component (AddParameter): Name = "Arrow Part Number"; Value = "SZESD9C3.3ST5G"; VariantName = "[No Variations]"
Add component (AddParameter): Name = "Arrow Price/Stock"; Value = "https://www.arrow.com/en/products/szesd9c3.3st5g/on-semiconductor"; VariantName = "[No Variations]"
Add component (AddParameter): Name = "Datasheet Link"; Value = "https://componentsearchengine.com/Datasheets/1/ESD9C3.3ST5G.pdf"; VariantName = "[No Variations]"
Add component (AddParameter): Name = "Height"; Value = "0.4mm"; VariantName = "[No Variations]"
Add component (AddParameter): Name = "Manufacturer_Name"; Value = "onsemi"; VariantName = "[No Variations]"
Add component (AddParameter): Name = "Manufacturer_Part_Number"; Value = "ESD9C3.3ST5G"; VariantName = "[No Variations]"
Add component (AddParameter): Name = "Mouser Part Number"; Value = "863-SZESD9C3.3ST5G"; VariantName = "[No Variations]"
Add component (AddParameter): Name = "Mouser Price/Stock"; Value = "https://www.mouser.co.uk/ProductDetail/onsemi/SZESD9C3.3ST5G?qs=dbuNSGnowt0DiTOhuMf8NQ%3D%3D"; VariantName = "[No Variations]"
Added Component: Designator=D?(SODFL1006X40N)
Add component (AddParameter): Name = "Arrow Part Number"; Value = "SZESD9C3.3ST5G"; VariantName = "[No Variations]"
Add component (AddParameter): Name = "Arrow Price/Stock"; Value = "https://www.arrow.com/en/products/szesd9c3.3st5g/on-semiconductor"; VariantName = "[No Variations]"
Add component (AddParameter): Name = "Datasheet Link"; Value = "https://componentsearchengine.com/Datasheets/1/ESD9C3.3ST5G.pdf"; VariantName = "[No Variations]"
Add component (AddParameter): Name = "Height"; Value = "0.4mm"; VariantName = "[No Variations]"
Add component (AddParameter): Name = "Manufacturer_Name"; Value = "onsemi"; VariantName = "[No Variations]"
Add component (AddParameter): Name = "Manufacturer_Part_Number"; Value = "ESD9C3.3ST5G"; VariantName = "[No Variations]"
Add component (AddParameter): Name = "Mouser Part Number"; Value = "863-SZESD9C3.3ST5G"; VariantName = "[No Variations]"
Add component (AddParameter): Name = "Mouser Price/Stock"; Value = "https://www.mouser.co.uk/ProductDetail/onsemi/SZESD9C3.3ST5G?qs=dbuNSGnowt0DiTOhuMf8NQ%3D%3D"; VariantName = "[No Variations]"
Added Component: Designator=D?(SODFL1006X40N)
Add component (AddParameter): Name = "Arrow Part Number"; Value = "SZESD9C3.3ST5G"; VariantName = "[No Variations]"
Add component (AddParameter): Name = "Arrow Price/Stock"; Value = "https://www.arrow.com/en/products/szesd9c3.3st5g/on-semiconductor"; VariantName = "[No Variations]"
Add component (AddParameter): Name = "Datasheet Link"; Value = "https://componentsearchengine.com/Datasheets/1/ESD9C3.3ST5G.pdf"; VariantName = "[No Variations]"
Add component (AddParameter): Name = "Height"; Value = "0.4mm"; VariantName = "[No Variations]"
Add component (AddParameter): Name = "Manufacturer_Name"; Value = "onsemi"; VariantName = "[No Variations]"
Add component (AddParameter): Name = "Manufacturer_Part_Number"; Value = "ESD9C3.3ST5G"; VariantName = "[No Variations]"
Add component (AddParameter): Name = "Mouser Part Number"; Value = "863-SZESD9C3.3ST5G"; VariantName = "[No Variations]"
Add component (AddParameter): Name = "Mouser Price/Stock"; Value = "https://www.mouser.co.uk/ProductDetail/onsemi/SZESD9C3.3ST5G?qs=dbuNSGnowt0DiTOhuMf8NQ%3D%3D"; VariantName = "[No Variations]"
Added Component: Designator=D?(SODFL1006X40N)
Add component (AddParameter): Name = "Arrow Part Number"; Value = "SZESD9C3.3ST5G"; VariantName = "[No Variations]"
Add component (AddParameter): Name = "Arrow Price/Stock"; Value = "https://www.arrow.com/en/products/szesd9c3.3st5g/on-semiconductor"; VariantName = "[No Variations]"
Add component (AddParameter): Name = "Datasheet Link"; Value = "https://componentsearchengine.com/Datasheets/1/ESD9C3.3ST5G.pdf"; VariantName = "[No Variations]"
Add component (AddParameter): Name = "Height"; Value = "0.4mm"; VariantName = "[No Variations]"
Add component (AddParameter): Name = "Manufacturer_Name"; Value = "onsemi"; VariantName = "[No Variations]"
Add component (AddParameter): Name = "Manufacturer_Part_Number"; Value = "ESD9C3.3ST5G"; VariantName = "[No Variations]"
Add component (AddParameter): Name = "Mouser Part Number"; Value = "863-SZESD9C3.3ST5G"; VariantName = "[No Variations]"
Add component (AddParameter): Name = "Mouser Price/Stock"; Value = "https://www.mouser.co.uk/ProductDetail/onsemi/SZESD9C3.3ST5G?qs=dbuNSGnowt0DiTOhuMf8NQ%3D%3D"; VariantName = "[No Variations]"
Added Component: Designator=D?(SODFL2512X80N)
Add component (AddParameter): Name = "Arrow Part Number"; Value = "BAT54J,115"; VariantName = "[No Variations]"
Add component (AddParameter): Name = "Arrow Price/Stock"; Value = "https://www.arrow.com/en/products/bat54j115/nexperia?region=europe"; VariantName = "[No Variations]"
Add component (AddParameter): Name = "Datasheet Link"; Value = "https://assets.nexperia.com/documents/data-sheet/BAT54J.pdf"; VariantName = "[No Variations]"
Add component (AddParameter): Name = "Height"; Value = "0.8mm"; VariantName = "[No Variations]"
Add component (AddParameter): Name = "Manufacturer_Name"; Value = "Nexperia"; VariantName = "[No Variations]"
Add component (AddParameter): Name = "Manufacturer_Part_Number"; Value = "BAT54J,115"; VariantName = "[No Variations]"
Add component (AddParameter): Name = "Mouser Part Number"; Value = "771-BAT54J115"; VariantName = "[No Variations]"
Add component (AddParameter): Name = "Mouser Price/Stock"; Value = "https://www.mouser.co.uk/ProductDetail/Nexperia/BAT54J115?qs=me8TqzrmIYVxNBNrx1zKWQ%3D%3D"; VariantName = "[No Variations]"
Added Component: Designator=D?(SODFL1006X40N)
Add component (AddParameter): Name = "Arrow Part Number"; Value = "SZESD9C3.3ST5G"; VariantName = "[No Variations]"
Add component (AddParameter): Name = "Arrow Price/Stock"; Value = "https://www.arrow.com/en/products/szesd9c3.3st5g/on-semiconductor"; VariantName = "[No Variations]"
Add component (AddParameter): Name = "Datasheet Link"; Value = "https://componentsearchengine.com/Datasheets/1/ESD9C3.3ST5G.pdf"; VariantName = "[No Variations]"
Add component (AddParameter): Name = "Height"; Value = "0.4mm"; VariantName = "[No Variations]"
Add component (AddParameter): Name = "Manufacturer_Name"; Value = "onsemi"; VariantName = "[No Variations]"
Add component (AddParameter): Name = "Manufacturer_Part_Number"; Value = "ESD9C3.3ST5G"; VariantName = "[No Variations]"
Add component (AddParameter): Name = "Mouser Part Number"; Value = "863-SZESD9C3.3ST5G"; VariantName = "[No Variations]"
Add component (AddParameter): Name = "Mouser Price/Stock"; Value = "https://www.mouser.co.uk/ProductDetail/onsemi/SZESD9C3.3ST5G?qs=dbuNSGnowt0DiTOhuMf8NQ%3D%3D"; VariantName = "[No Variations]"
Added Component: Designator=D?(SODFL1006X40N)
Add component (AddParameter): Name = "Arrow Part Number"; Value = "SZESD9C3.3ST5G"; VariantName = "[No Variations]"
Add component (AddParameter): Name = "Arrow Price/Stock"; Value = "https://www.arrow.com/en/products/szesd9c3.3st5g/on-semiconductor"; VariantName = "[No Variations]"
Add component (AddParameter): Name = "Datasheet Link"; Value = "https://componentsearchengine.com/Datasheets/1/ESD9C3.3ST5G.pdf"; VariantName = "[No Variations]"
Add component (AddParameter): Name = "Height"; Value = "0.4mm"; VariantName = "[No Variations]"
Add component (AddParameter): Name = "Manufacturer_Name"; Value = "onsemi"; VariantName = "[No Variations]"
Add component (AddParameter): Name = "Manufacturer_Part_Number"; Value = "ESD9C3.3ST5G"; VariantName = "[No Variations]"
Add component (AddParameter): Name = "Mouser Part Number"; Value = "863-SZESD9C3.3ST5G"; VariantName = "[No Variations]"
Add component (AddParameter): Name = "Mouser Price/Stock"; Value = "https://www.mouser.co.uk/ProductDetail/onsemi/SZESD9C3.3ST5G?qs=dbuNSGnowt0DiTOhuMf8NQ%3D%3D"; VariantName = "[No Variations]"
Added Component: Designator=D?(DIONC1005X43N)
Add component (AddParameter): Name = "Arrow Part Number"; Value = "PESD0402-140"; VariantName = "[No Variations]"
Add component (AddParameter): Name = "Arrow Price/Stock"; Value = "https://www.arrow.com/en/products/pesd0402-140/littelfuse?region=nac"; VariantName = "[No Variations]"
Add component (AddParameter): Name = "Datasheet Link"; Value = "https://www.littelfuse.com/~/media/electronics/product_specifications/polymer_esd_suppressors/littelfuse_polymer_esd_suppressor_pesd0402_140_product_specification.pdf.pdf"; VariantName = "[No Variations]"
Add component (AddParameter): Name = "Height"; Value = "0.43mm"; VariantName = "[No Variations]"
Add component (AddParameter): Name = "Manufacturer_Name"; Value = "LITTELFUSE"; VariantName = "[No Variations]"
Add component (AddParameter): Name = "Manufacturer_Part_Number"; Value = "PESD0402-140"; VariantName = "[No Variations]"
Add component (AddParameter): Name = "Mouser Part Number"; Value = "650-PESD0402-140"; VariantName = "[No Variations]"
Add component (AddParameter): Name = "Mouser Price/Stock"; Value = "https://www.mouser.co.uk/ProductDetail/Littelfuse/PESD0402-140?qs=y1EbU1W0OrtTHVfbQV6MTg%3D%3D"; VariantName = "[No Variations]"
Added Component: Designator=D?(SOP65P210X110-6N)
Add component (AddParameter): Name = "Arrow Part Number"; Value = "LM66100DCKR"; VariantName = "[No Variations]"
Add component (AddParameter): Name = "Arrow Price/Stock"; Value = "https://www.arrow.com/en/products/lm66100dckr/texas-instruments?region=europe"; VariantName = "[No Variations]"
Add component (AddParameter): Name = "Datasheet Link"; Value = "http://www.ti.com/lit/gpn/LM66100"; VariantName = "[No Variations]"
Add component (AddParameter): Name = "Height"; Value = "1.1mm"; VariantName = "[No Variations]"
Add component (AddParameter): Name = "Manufacturer_Name"; Value = "Texas Instruments"; VariantName = "[No Variations]"
Add component (AddParameter): Name = "Manufacturer_Part_Number"; Value = "LM66100DCKR"; VariantName = "[No Variations]"
Add component (AddParameter): Name = "Mouser Part Number"; Value = "595-LM66100DCKR"; VariantName = "[No Variations]"
Add component (AddParameter): Name = "Mouser Price/Stock"; Value = "https://www.mouser.co.uk/ProductDetail/Texas-Instruments/LM66100DCKR?qs=vLWxofP3U2y2yPPrXoBBoA%3D%3D"; VariantName = "[No Variations]"
Added Component: Designator=D?(PESD1CANUX)
Add component (AddParameter): Name = "Arrow Part Number"; Value = "PESD1CAN-UX"; VariantName = "[No Variations]"
Add component (AddParameter): Name = "Arrow Price/Stock"; Value = "https://www.arrow.com/en/products/pesd1can-ux/nexperia?region=nac"; VariantName = "[No Variations]"
Add component (AddParameter): Name = "Datasheet Link"; Value = "https://assets.nexperia.com/documents/data-sheet/PESD1CAN-U.pdf"; VariantName = "[No Variations]"
Add component (AddParameter): Name = "Height"; Value = "1.1mm"; VariantName = "[No Variations]"
Add component (AddParameter): Name = "Manufacturer_Name"; Value = "Nexperia"; VariantName = "[No Variations]"
Add component (AddParameter): Name = "Manufacturer_Part_Number"; Value = "PESD1CAN-UX"; VariantName = "[No Variations]"
Add component (AddParameter): Name = "Mouser Part Number"; Value = "771-PESD1CANUX"; VariantName = "[No Variations]"
Add component (AddParameter): Name = "Mouser Price/Stock"; Value = "https://www.mouser.co.uk/ProductDetail/Nexperia/PESD1CAN-UX?qs=fi7yB2oewZmfG%252BI%252BwWS45Q%3D%3D"; VariantName = "[No Variations]"
Added Component: Designator=J?(MOLEX_0734150963)
Add component (AddParameter): Name = "Availability"; Value = "In Stock"; VariantName = "[No Variations]"
Add component (AddParameter): Name = "Check_prices"; Value = "https://www.snapeda.com/parts/0734150963/Molex/view-part/?ref=eda"; VariantName = "[No Variations]"
Add component (AddParameter): Name = "MF"; Value = "Molex"; VariantName = "[No Variations]"
Add component (AddParameter): Name = "MP"; Value = "0734150963"; VariantName = "[No Variations]"
Add component (AddParameter): Name = "Package"; Value = "None"; VariantName = "[No Variations]"
Add component (AddParameter): Name = "Price"; Value = "None"; VariantName = "[No Variations]"
Add component (AddParameter): Name = "Purchase-URL"; Value = "https://pricing.snapeda.com/search/part/0734150963/?ref=eda"; VariantName = "[No Variations]"
Add component (AddParameter): Name = "SnapEDA_Link"; Value = "https://www.snapeda.com/parts/0734150963/Molex/view-part/?ref=snap"; VariantName = "[No Variations]"
Add component (AddParameter): Name = "Value"; Value = ""; VariantName = "[No Variations]"
Add Component: Footprint Not Found JAE_DX07S016JA1R1500
Added Component: Designator=J?(SM06BSRSSTBLFSN)
Add component (AddParameter): Name = "Arrow Part Number"; Value = "SM06B-SRSS-TB(LF)(SN)"; VariantName = "[No Variations]"
Add component (AddParameter): Name = "Arrow Price/Stock"; Value = "https://www.arrow.com/en/products/sm06b-srss-tb-lf-sn/jst-manufacturing?region=europe"; VariantName = "[No Variations]"
Add component (AddParameter): Name = "Datasheet Link"; Value = "http://www.jst-mfg.com/product/pdf/eng/eSH.pdf"; VariantName = "[No Variations]"
Add component (AddParameter): Name = "Height"; Value = "2.95mm"; VariantName = "[No Variations]"
Add component (AddParameter): Name = "Manufacturer_Name"; Value = "JST (JAPAN SOLDERLESS TERMINALS)"; VariantName = "[No Variations]"
Add component (AddParameter): Name = "Manufacturer_Part_Number"; Value = "SM06B-SRSS-TB(LF)(SN)"; VariantName = "[No Variations]"
Add component (AddParameter): Name = "Mouser Part Number"; Value = ""; VariantName = "[No Variations]"
Add component (AddParameter): Name = "Mouser Price/Stock"; Value = ""; VariantName = "[No Variations]"
Added Component: Designator=J?(SM04B-GHS-TB)
Add component (AddParameter): Name = "Arrow Part Number"; Value = "SM04B-GHS-TB(LF)(SN)"; VariantName = "[No Variations]"
Add component (AddParameter): Name = "Arrow Price/Stock"; Value = "https://www.arrow.com/en/products/sm04b-ghs-tb-lf-sn-/jst-manufacturing?region=europe"; VariantName = "[No Variations]"
Add component (AddParameter): Name = "Datasheet Link"; Value = "http://uk.rs-online.com/web/p/products/7521797"; VariantName = "[No Variations]"
Add component (AddParameter): Name = "Manufacturer_Name"; Value = "JST (JAPAN SOLDERLESS TERMINALS)"; VariantName = "[No Variations]"
Add component (AddParameter): Name = "Manufacturer_Part_Number"; Value = "SM04B-GHS-TB(LF)(SN)"; VariantName = "[No Variations]"
Add component (AddParameter): Name = "Mouser Part Number"; Value = ""; VariantName = "[No Variations]"
Add component (AddParameter): Name = "Mouser Price/Stock"; Value = ""; VariantName = "[No Variations]"
Added Component: Designator=J?(SM06B-GHS-TB)
Add component (AddParameter): Name = "Arrow Part Number"; Value = "SM06B-GHS-TB(LF)(SN)"; VariantName = "[No Variations]"
Add component (AddParameter): Name = "Arrow Price/Stock"; Value = "https://www.arrow.com/en/products/sm06b-ghs-tb-lf-sn/jst-manufacturing"; VariantName = "[No Variations]"
Add component (AddParameter): Name = "Datasheet Link"; Value = "https://datasheet.datasheetarchive.com/originals/distributors/Datasheets_SAMA/e4ef010dc292ea31091454f6c0afb63a.pdf"; VariantName = "[No Variations]"
Add component (AddParameter): Name = "Manufacturer_Name"; Value = "JST (JAPAN SOLDERLESS TERMINALS)"; VariantName = "[No Variations]"
Add component (AddParameter): Name = "Manufacturer_Part_Number"; Value = "SM06B-GHS-TB(LF)(SN)"; VariantName = "[No Variations]"
Add component (AddParameter): Name = "Mouser Part Number"; Value = ""; VariantName = "[No Variations]"
Add component (AddParameter): Name = "Mouser Price/Stock"; Value = ""; VariantName = "[No Variations]"
Added Component: Designator=J?(SM04B-GHS-TB)
Add component (AddParameter): Name = "Arrow Part Number"; Value = "SM04B-GHS-TB(LF)(SN)"; VariantName = "[No Variations]"
Add component (AddParameter): Name = "Arrow Price/Stock"; Value = "https://www.arrow.com/en/products/sm04b-ghs-tb-lf-sn-/jst-manufacturing?region=europe"; VariantName = "[No Variations]"
Add component (AddParameter): Name = "Datasheet Link"; Value = "http://uk.rs-online.com/web/p/products/7521797"; VariantName = "[No Variations]"
Add component (AddParameter): Name = "Manufacturer_Name"; Value = "JST (JAPAN SOLDERLESS TERMINALS)"; VariantName = "[No Variations]"
Add component (AddParameter): Name = "Manufacturer_Part_Number"; Value = "SM04B-GHS-TB(LF)(SN)"; VariantName = "[No Variations]"
Add component (AddParameter): Name = "Mouser Part Number"; Value = ""; VariantName = "[No Variations]"
Add component (AddParameter): Name = "Mouser Price/Stock"; Value = ""; VariantName = "[No Variations]"
Added Component: Designator=L?(EXC14CS900H)
Add component (AddParameter): Name = "Arrow Part Number"; Value = "EXC-14CS900H"; VariantName = "[No Variations]"
Add component (AddParameter): Name = "Arrow Price/Stock"; Value = "https://www.arrow.com/en/products/exc-14cs900h/panasonic?region=nac"; VariantName = "[No Variations]"
Add component (AddParameter): Name = "Datasheet Link"; Value = "http://www.mouser.com/datasheet/2/315/AWE0000C291-1283916.pdf"; VariantName = "[No Variations]"
Add component (AddParameter): Name = "Height"; Value = "0.5mm"; VariantName = "[No Variations]"
Add component (AddParameter): Name = "Manufacturer_Name"; Value = "Panasonic"; VariantName = "[No Variations]"
Add component (AddParameter): Name = "Manufacturer_Part_Number"; Value = "EXC-14CS900H"; VariantName = "[No Variations]"
Add component (AddParameter): Name = "Mouser Part Number"; Value = "667-EXC-14CS900H"; VariantName = "[No Variations]"
Add component (AddParameter): Name = "Mouser Price/Stock"; Value = "https://www.mouser.co.uk/ProductDetail/Panasonic/EXC-14CS900H?qs=f9yNj16SXrIzBMQRKJh4tA%3D%3D"; VariantName = "[No Variations]"
Added Component: Designator=L?(LQW15CNR20J00B)
Add component (AddParameter): Name = "Arrow Part Number"; Value = "LQW15ANR12J00D"; VariantName = "[No Variations]"
Add component (AddParameter): Name = "Arrow Price/Stock"; Value = "https://www.arrow.com/en/products/lqw15anr12j00d/murata-manufacturing?region=nac"; VariantName = "[No Variations]"
Add component (AddParameter): Name = "Datasheet Link"; Value = "https://datasheet.datasheetarchive.com/originals/distributors/Datasheets_SAMA/97451af591734477ab6d2485aab35b5f.pdf"; VariantName = "[No Variations]"
Add component (AddParameter): Name = "Height"; Value = "0.6mm"; VariantName = "[No Variations]"
Add component (AddParameter): Name = "Manufacturer_Name"; Value = "Murata Electronics"; VariantName = "[No Variations]"
Add component (AddParameter): Name = "Manufacturer_Part_Number"; Value = "LQW15ANR12J00D"; VariantName = "[No Variations]"
Add component (AddParameter): Name = "Mouser Part Number"; Value = "81-LQW15ANR12J00D"; VariantName = "[No Variations]"
Add component (AddParameter): Name = "Mouser Price/Stock"; Value = "https://www.mouser.co.uk/ProductDetail/Murata-Electronics/LQW15ANR12J00D/?qs=UV0HhPl4yOHsBH0%2FSRErMg%3D%3D"; VariantName = "[No Variations]"
Added Component: Designator=Q?(SOT96P240X110-3N)
Add component (AddParameter): Name = "Arrow Part Number"; Value = "DMN53D0L-7"; VariantName = "[No Variations]"
Add component (AddParameter): Name = "Arrow Price/Stock"; Value = "https://www.arrow.com/en/products/dmn53d0l-7/diodes-incorporated"; VariantName = "[No Variations]"
Add component (AddParameter): Name = "Datasheet Link"; Value = "http://uk.rs-online.com/web/p/products/9211101P"; VariantName = "[No Variations]"
Add component (AddParameter): Name = "Height"; Value = "1.1mm"; VariantName = "[No Variations]"
Add component (AddParameter): Name = "Manufacturer_Name"; Value = "Diodes Incorporated"; VariantName = "[No Variations]"
Add component (AddParameter): Name = "Manufacturer_Part_Number"; Value = "DMN53D0L-7"; VariantName = "[No Variations]"
Add component (AddParameter): Name = "Mouser Part Number"; Value = "621-DMN53D0L-7"; VariantName = "[No Variations]"
Add component (AddParameter): Name = "Mouser Price/Stock"; Value = "https://www.mouser.com/Search/Refine.aspx?Keyword=621-DMN53D0L-7"; VariantName = "[No Variations]"
Added Component: Designator=Q?(SOT96P240X110-3N)
Add component (AddParameter): Name = "Arrow Part Number"; Value = "DMN53D0L-7"; VariantName = "[No Variations]"
Add component (AddParameter): Name = "Arrow Price/Stock"; Value = "https://www.arrow.com/en/products/dmn53d0l-7/diodes-incorporated"; VariantName = "[No Variations]"
Add component (AddParameter): Name = "Datasheet Link"; Value = "http://uk.rs-online.com/web/p/products/9211101P"; VariantName = "[No Variations]"
Add component (AddParameter): Name = "Height"; Value = "1.1mm"; VariantName = "[No Variations]"
Add component (AddParameter): Name = "Manufacturer_Name"; Value = "Diodes Incorporated"; VariantName = "[No Variations]"
Add component (AddParameter): Name = "Manufacturer_Part_Number"; Value = "DMN53D0L-7"; VariantName = "[No Variations]"
Add component (AddParameter): Name = "Mouser Part Number"; Value = "621-DMN53D0L-7"; VariantName = "[No Variations]"
Add component (AddParameter): Name = "Mouser Price/Stock"; Value = "https://www.mouser.com/Search/Refine.aspx?Keyword=621-DMN53D0L-7"; VariantName = "[No Variations]"
Added Component: Designator=Q?(SOT96P240X110-3N)
Add component (AddParameter): Name = "Arrow Part Number"; Value = "DMN53D0L-7"; VariantName = "[No Variations]"
Add component (AddParameter): Name = "Arrow Price/Stock"; Value = "https://www.arrow.com/en/products/dmn53d0l-7/diodes-incorporated"; VariantName = "[No Variations]"
Add component (AddParameter): Name = "Datasheet Link"; Value = "http://uk.rs-online.com/web/p/products/9211101P"; VariantName = "[No Variations]"
Add component (AddParameter): Name = "Height"; Value = "1.1mm"; VariantName = "[No Variations]"
Add component (AddParameter): Name = "Manufacturer_Name"; Value = "Diodes Incorporated"; VariantName = "[No Variations]"
Add component (AddParameter): Name = "Manufacturer_Part_Number"; Value = "DMN53D0L-7"; VariantName = "[No Variations]"
Add component (AddParameter): Name = "Mouser Part Number"; Value = "621-DMN53D0L-7"; VariantName = "[No Variations]"
Add component (AddParameter): Name = "Mouser Price/Stock"; Value = "https://www.mouser.com/Search/Refine.aspx?Keyword=621-DMN53D0L-7"; VariantName = "[No Variations]"
Added Component: Designator=Q?(SOT65P210X100-3N)
Add component (AddParameter): Name = "Arrow Part Number"; Value = "BSS223PWH6327XTSA1"; VariantName = "[No Variations]"
Add component (AddParameter): Name = "Arrow Price/Stock"; Value = "https://www.arrow.com/en/products/bss223pwh6327xtsa1/infineon-technologies-ag"; VariantName = "[No Variations]"
Add component (AddParameter): Name = "Datasheet Link"; Value = "https://componentsearchengine.com/Datasheets/2/BSS223PWH6327XTSA1.pdf"; VariantName = "[No Variations]"
Add component (AddParameter): Name = "Height"; Value = "1mm"; VariantName = "[No Variations]"
Add component (AddParameter): Name = "Manufacturer_Name"; Value = "Infineon"; VariantName = "[No Variations]"
Add component (AddParameter): Name = "Manufacturer_Part_Number"; Value = "BSS223PWH6327XTSA1"; VariantName = "[No Variations]"
Add component (AddParameter): Name = "Mouser Part Number"; Value = "726-BSS223PWH6327XTS"; VariantName = "[No Variations]"
Add component (AddParameter): Name = "Mouser Price/Stock"; Value = "https://www.mouser.co.uk/ProductDetail/Infineon-Technologies/BSS223PWH6327XTSA1?qs=Dj8dEyEphkMhtpM4HseAjA%3D%3D"; VariantName = "[No Variations]"
Added Component: Designator=R?(R0402)
Add component (AddParameter): Name = "Manufacturer"; Value = "Yageo"; VariantName = "[No Variations]"
Add component (AddParameter): Name = "Manufacturer Part Description"; Value = "RES 5.1K Ohm ±1% 1/16W 0402 (1005 Metric)"; VariantName = "[No Variations]"
Add component (AddParameter): Name = "Manufacturer Part Number"; Value = "RC0402FR-075K1L"; VariantName = "[No Variations]"
Added Component: Designator=R?(R0402)
Add component (AddParameter): Name = "Manufacturer"; Value = "Yageo"; VariantName = "[No Variations]"
Add component (AddParameter): Name = "Manufacturer Part Description"; Value = "RES 100K Ohm ±5% 1/16W 0402 (1005 Metric)"; VariantName = "[No Variations]"
Add component (AddParameter): Name = "Manufacturer Part Number"; Value = "AC0402JR-07100KL"; VariantName = "[No Variations]"
Added Component: Designator=R?(R0402)
Add component (AddParameter): Name = "Manufacturer"; Value = "Yageo"; VariantName = "[No Variations]"
Add component (AddParameter): Name = "Manufacturer Part Description"; Value = "RES 0 Ohm Jumper 1/16W 0402 (1005 Metric)"; VariantName = "[No Variations]"
Add component (AddParameter): Name = "Manufacturer Part Number"; Value = "AC0402JR-070RL"; VariantName = "[No Variations]"
Added Component: Designator=R?(R0402)
Add component (AddParameter): Name = "Manufacturer"; Value = "Yageo"; VariantName = "[No Variations]"
Add component (AddParameter): Name = "Manufacturer Part Description"; Value = "RES 5.1K Ohm ±1% 1/16W 0402 (1005 Metric)"; VariantName = "[No Variations]"
Add component (AddParameter): Name = "Manufacturer Part Number"; Value = "RC0402FR-075K1L"; VariantName = "[No Variations]"
Added Component: Designator=R?(R0402)
Add component (AddParameter): Name = "Manufacturer"; Value = "Stackpole Electronics Inc"; VariantName = "[No Variations]"
Add component (AddParameter): Name = "Manufacturer Part Description"; Value = "RES 150 Ohm ±1% 1/16W 0402 (1005 Metric)"; VariantName = "[No Variations]"
Add component (AddParameter): Name = "Manufacturer Part Number"; Value = "RC0402FR-07150RL"; VariantName = "[No Variations]"
Added Component: Designator=R?(R0402)
Add component (AddParameter): Name = "Manufacturer"; Value = "Yageo"; VariantName = "[No Variations]"
Add component (AddParameter): Name = "Manufacturer Part Description"; Value = "RES 27 Ohm ±1% 1/16W 0402 (1005 Metric)"; VariantName = "[No Variations]"
Add component (AddParameter): Name = "Manufacturer Part Number"; Value = "AC0402FR-0727RL"; VariantName = "[No Variations]"
Added Component: Designator=R?(R0402)
Add component (AddParameter): Name = "Manufacturer"; Value = "Yageo"; VariantName = "[No Variations]"
Add component (AddParameter): Name = "Manufacturer Part Description"; Value = "RES 5.1K Ohm ±1% 1/16W 0402 (1005 Metric)"; VariantName = "[No Variations]"
Add component (AddParameter): Name = "Manufacturer Part Number"; Value = "RC0402FR-075K1L"; VariantName = "[No Variations]"
Added Component: Designator=R?(R0402)
Add component (AddParameter): Name = "Manufacturer"; Value = "Yageo"; VariantName = "[No Variations]"
Add component (AddParameter): Name = "Manufacturer Part Description"; Value = "RES 330 Ohm ±1% 1/16W 0402 (1005 Metric)"; VariantName = "[No Variations]"
Add component (AddParameter): Name = "Manufacturer Part Number"; Value = "RC0402FR-07330RL"; VariantName = "[No Variations]"
Added Component: Designator=R?(R0402)
Add component (AddParameter): Name = "Manufacturer"; Value = "Yageo"; VariantName = "[No Variations]"
Add component (AddParameter): Name = "Manufacturer Part Description"; Value = "RES 0 Ohm Jumper 1/16W 0402 (1005 Metric)"; VariantName = "[No Variations]"
Add component (AddParameter): Name = "Manufacturer Part Number"; Value = "AC0402JR-070RL"; VariantName = "[No Variations]"
Added Component: Designator=R?(R0402)
Add component (AddParameter): Name = "Manufacturer"; Value = "Stackpole Electronics Inc"; VariantName = "[No Variations]"
Add component (AddParameter): Name = "Manufacturer Part Description"; Value = "RES 150 Ohm ±1% 1/16W 0402 (1005 Metric)"; VariantName = "[No Variations]"
Add component (AddParameter): Name = "Manufacturer Part Number"; Value = "RC0402FR-07150RL"; VariantName = "[No Variations]"
Added Component: Designator=R?(R0402)
Add component (AddParameter): Name = "Manufacturer"; Value = "Yageo"; VariantName = "[No Variations]"
Add component (AddParameter): Name = "Manufacturer Part Description"; Value = "RES 100K Ohm ±5% 1/16W 0402 (1005 Metric)"; VariantName = "[No Variations]"
Add component (AddParameter): Name = "Manufacturer Part Number"; Value = "AC0402JR-07100KL"; VariantName = "[No Variations]"
Added Component: Designator=R?(R0402)
Add component (AddParameter): Name = "Manufacturer"; Value = "Yageo"; VariantName = "[No Variations]"
Add component (AddParameter): Name = "Manufacturer Part Description"; Value = "RES 100K Ohm ±5% 1/16W 0402 (1005 Metric)"; VariantName = "[No Variations]"
Add component (AddParameter): Name = "Manufacturer Part Number"; Value = "AC0402JR-07100KL"; VariantName = "[No Variations]"
Added Component: Designator=R?(R0402)
Add component (AddParameter): Name = "Manufacturer"; Value = "Yageo"; VariantName = "[No Variations]"
Add component (AddParameter): Name = "Manufacturer Part Description"; Value = "RES 5.1K Ohm ±1% 1/16W 0402 (1005 Metric)"; VariantName = "[No Variations]"
Add component (AddParameter): Name = "Manufacturer Part Number"; Value = "RC0402FR-075K1L"; VariantName = "[No Variations]"
Added Component: Designator=R?(R0402)
Add component (AddParameter): Name = "Manufacturer"; Value = "Yageo"; VariantName = "[No Variations]"
Add component (AddParameter): Name = "Manufacturer Part Description"; Value = "RES 100K Ohm ±5% 1/16W 0402 (1005 Metric)"; VariantName = "[No Variations]"
Add component (AddParameter): Name = "Manufacturer Part Number"; Value = "AC0402JR-07100KL"; VariantName = "[No Variations]"
Added Component: Designator=R?(R0402)
Add component (AddParameter): Name = "Manufacturer"; Value = "Stackpole Electronics Inc"; VariantName = "[No Variations]"
Add component (AddParameter): Name = "Manufacturer Part Description"; Value = "RES 150 Ohm ±1% 1/16W 0402 (1005 Metric)"; VariantName = "[No Variations]"
Add component (AddParameter): Name = "Manufacturer Part Number"; Value = "RC0402FR-07150RL"; VariantName = "[No Variations]"
Added Component: Designator=R?(R0402)
Add component (AddParameter): Name = "Manufacturer"; Value = "Yageo"; VariantName = "[No Variations]"
Add component (AddParameter): Name = "Manufacturer Part Description"; Value = "RES 100K Ohm ±5% 1/16W 0402 (1005 Metric)"; VariantName = "[No Variations]"
Add component (AddParameter): Name = "Manufacturer Part Number"; Value = "AC0402JR-07100KL"; VariantName = "[No Variations]"
Added Component: Designator=R?(R0402)
Add component (AddParameter): Name = "Manufacturer"; Value = "Yageo"; VariantName = "[No Variations]"
Add component (AddParameter): Name = "Manufacturer Part Description"; Value = "RES 2.2K Ohm ±1% 1/16W 0402 (1005 Metric)"; VariantName = "[No Variations]"
Add component (AddParameter): Name = "Manufacturer Part Number"; Value = "AC0402FR-072K2L"; VariantName = "[No Variations]"
Added Component: Designator=R?(R0402)
Add component (AddParameter): Name = "Manufacturer"; Value = "Yageo"; VariantName = "[No Variations]"
Add component (AddParameter): Name = "Manufacturer Part Description"; Value = "RES 5.1K Ohm ±1% 1/16W 0402 (1005 Metric)"; VariantName = "[No Variations]"
Add component (AddParameter): Name = "Manufacturer Part Number"; Value = "RC0402FR-075K1L"; VariantName = "[No Variations]"
Added Component: Designator=R?(R0402)
Add component (AddParameter): Name = "Manufacturer"; Value = "Yageo"; VariantName = "[No Variations]"
Add component (AddParameter): Name = "Manufacturer Part Description"; Value = "RES 100K Ohm ±5% 1/16W 0402 (1005 Metric)"; VariantName = "[No Variations]"
Add component (AddParameter): Name = "Manufacturer Part Number"; Value = "AC0402JR-07100KL"; VariantName = "[No Variations]"
Added Component: Designator=R?(R0402)
Add component (AddParameter): Name = "Manufacturer"; Value = "Yageo"; VariantName = "[No Variations]"
Add component (AddParameter): Name = "Manufacturer Part Description"; Value = "RES 0 Ohm Jumper 1/16W 0402 (1005 Metric)"; VariantName = "[No Variations]"
Add component (AddParameter): Name = "Manufacturer Part Number"; Value = "AC0402JR-070RL"; VariantName = "[No Variations]"
Added Component: Designator=R?(R0402)
Add component (AddParameter): Name = "Manufacturer"; Value = "Stackpole Electronics Inc"; VariantName = "[No Variations]"
Add component (AddParameter): Name = "Manufacturer Part Description"; Value = "RES 120 Ohm ±1% 1/10W 0603 (1608 Metric)"; VariantName = "[No Variations]"
Add component (AddParameter): Name = "Manufacturer Part Number"; Value = "RMCF0603FT120R"; VariantName = "[No Variations]"
Added Component: Designator=R?(R0402)
Add component (AddParameter): Name = "Manufacturer"; Value = "Stackpole Electronics Inc"; VariantName = "[No Variations]"
Add component (AddParameter): Name = "Manufacturer Part Description"; Value = "RES 220 Ohm ±5% 1/16W 0402 (1005 Metric)"; VariantName = "[No Variations]"
Add component (AddParameter): Name = "Manufacturer Part Number"; Value = "RMCF0402JT220R"; VariantName = "[No Variations]"
Added Component: Designator=R?(R0402)
Add component (AddParameter): Name = "Manufacturer"; Value = "Yageo"; VariantName = "[No Variations]"
Add component (AddParameter): Name = "Manufacturer Part Description"; Value = "RES 5.1K Ohm ±1% 1/16W 0402 (1005 Metric)"; VariantName = "[No Variations]"
Add component (AddParameter): Name = "Manufacturer Part Number"; Value = "RC0402FR-075K1L"; VariantName = "[No Variations]"
Added Component: Designator=R?(R0402)
Add component (AddParameter): Name = "Manufacturer"; Value = "Yageo"; VariantName = "[No Variations]"
Add component (AddParameter): Name = "Manufacturer Part Description"; Value = "RES 27 Ohm ±1% 1/16W 0402 (1005 Metric)"; VariantName = "[No Variations]"
Add component (AddParameter): Name = "Manufacturer Part Number"; Value = "AC0402FR-0727RL"; VariantName = "[No Variations]"
Added Component: Designator=R?(R0402)
Add component (AddParameter): Name = "Manufacturer"; Value = "Yageo"; VariantName = "[No Variations]"
Add component (AddParameter): Name = "Manufacturer Part Description"; Value = "RES 5.1K Ohm ±1% 1/16W 0402 (1005 Metric)"; VariantName = "[No Variations]"
Add component (AddParameter): Name = "Manufacturer Part Number"; Value = "RC0402FR-075K1L"; VariantName = "[No Variations]"
Added Component: Designator=R?(R0402)
Add component (AddParameter): Name = "Manufacturer"; Value = "Yageo"; VariantName = "[No Variations]"
Add component (AddParameter): Name = "Manufacturer Part Description"; Value = "RES 0 Ohm Jumper 1/16W 0402 (1005 Metric)"; VariantName = "[No Variations]"
Add component (AddParameter): Name = "Manufacturer Part Number"; Value = "AC0402JR-070RL"; VariantName = "[No Variations]"
Added Component: Designator=R?(R0402)
Add component (AddParameter): Name = "Manufacturer"; Value = "Stackpole Electronics Inc"; VariantName = "[No Variations]"
Add component (AddParameter): Name = "Manufacturer Part Description"; Value = "RES 10 Ohm ±5% 1/2W 1210 (3225 Metric)"; VariantName = "[No Variations]"
Add component (AddParameter): Name = "Manufacturer Part Number"; Value = "RMCF1210JT10R0"; VariantName = "[No Variations]"
Added Component: Designator=R?(R0402)
Add component (AddParameter): Name = "Manufacturer"; Value = "Yageo"; VariantName = "[No Variations]"
Add component (AddParameter): Name = "Manufacturer Part Description"; Value = "RES 0 Ohm Jumper 1/16W 0402 (1005 Metric)"; VariantName = "[No Variations]"
Add component (AddParameter): Name = "Manufacturer Part Number"; Value = "AC0402JR-070RL"; VariantName = "[No Variations]"
Added Component: Designator=R?(R0402)
Add component (AddParameter): Name = "Manufacturer"; Value = "Yageo"; VariantName = "[No Variations]"
Add component (AddParameter): Name = "Manufacturer Part Description"; Value = "RES 100K Ohm ±5% 1/16W 0402 (1005 Metric)"; VariantName = "[No Variations]"
Add component (AddParameter): Name = "Manufacturer Part Number"; Value = "AC0402JR-07100KL"; VariantName = "[No Variations]"
Added Component: Designator=U?(ZEDF9P15B)
Add component (AddParameter): Name = "Datasheet Link"; Value = "https://content.u-blox.com/sites/default/files/documents/ZED-F9P-15B_DataSheet_UBX-23009090.pdf"; VariantName = "[No Variations]"
Add component (AddParameter): Name = "Height"; Value = "2.6mm"; VariantName = "[No Variations]"
Add component (AddParameter): Name = "Manufacturer_Name"; Value = "U-Blox"; VariantName = "[No Variations]"
Add component (AddParameter): Name = "Manufacturer_Part_Number"; Value = "ZED-F9P-15B"; VariantName = "[No Variations]"
Add component (AddParameter): Name = "Mouser Part Number"; Value = "377-ZED-F9P-15B"; VariantName = "[No Variations]"
Added Component: Designator=U?(BMM150)
Add component (AddParameter): Name = "Arrow Part Number"; Value = "BMM150"; VariantName = "[No Variations]"
Add component (AddParameter): Name = "Arrow Price/Stock"; Value = "https://www.arrow.com/en/products/bmm150/bosch?region=nac"; VariantName = "[No Variations]"
Add component (AddParameter): Name = "Datasheet Link"; Value = "https://www.arrow.com/en/products/bmm150/bosch"; VariantName = "[No Variations]"
Add component (AddParameter): Name = "Height"; Value = "0.6mm"; VariantName = "[No Variations]"
Add component (AddParameter): Name = "Manufacturer_Name"; Value = "BOSCH"; VariantName = "[No Variations]"
Add component (AddParameter): Name = "Manufacturer_Part_Number"; Value = "BMM150"; VariantName = "[No Variations]"
Add component (AddParameter): Name = "Mouser Part Number"; Value = "262-BMM150"; VariantName = "[No Variations]"
Add component (AddParameter): Name = "Mouser Price/Stock"; Value = "https://www.mouser.co.uk/ProductDetail/Bosch-Sensortec/BMM150?qs=d72FGnIDsgTOmKpCEe6mYw%3D%3D"; VariantName = "[No Variations]"
Added Component: Designator=U?(IIM42352)
Add component (AddParameter): Name = "Arrow Part Number"; Value = "ICM-42688-P"; VariantName = "[No Variations]"
Add component (AddParameter): Name = "Arrow Price/Stock"; Value = "https://www.arrow.com/en/products/icm-42688-p/invensense?region=nac"; VariantName = "[No Variations]"
Add component (AddParameter): Name = "Datasheet Link"; Value = "https://3cfeqx1hf82y3xcoull08ihx-wpengine.netdna-ssl.com/wp-content/uploads/2021/06/DS-000347-ICM-42688-P-v1.5.pdf"; VariantName = "[No Variations]"
Add component (AddParameter): Name = "Manufacturer_Name"; Value = "TDK"; VariantName = "[No Variations]"
Add component (AddParameter): Name = "Manufacturer_Part_Number"; Value = "ICM-42688-P"; VariantName = "[No Variations]"
Add component (AddParameter): Name = "Mouser Part Number"; Value = "410-ICM-42688-P"; VariantName = "[No Variations]"
Add component (AddParameter): Name = "Mouser Price/Stock"; Value = "https://www.mouser.co.uk/ProductDetail/TDK-InvenSense/ICM-42688-P?qs=OlC7AqGiEDk8QrNAV728zw%3D%3D"; VariantName = "[No Variations]"
Added Component: Designator=U?(QFN50P700X700X65-49N-D)
Add component (AddParameter): Name = "Datasheet Link"; Value = "https://www.st.com/resource/en/datasheet/stm32f412ve.pdf"; VariantName = "[No Variations]"
Add component (AddParameter): Name = "Geometry.Height"; Value = "0.65mm"; VariantName = "[No Variations]"
Add component (AddParameter): Name = "Manufacturer_Name"; Value = "STMicroelectronics"; VariantName = "[No Variations]"
Add component (AddParameter): Name = "Manufacturer_Part_Number"; Value = "STM32F412CEU6"; VariantName = "[No Variations]"
Add component (AddParameter): Name = "Mouser Part Number"; Value = "511-STM32F412CEU6"; VariantName = "[No Variations]"
Add component (AddParameter): Name = "Mouser Price/Stock"; Value = "https://www.mouser.co.uk/ProductDetail/STMicroelectronics/STM32F412CEU6?qs=xwQlLnDx56BQrVh57SaY3Q%3D%3D"; VariantName = "[No Variations]"
Added Component: Designator=U?(BMP390)
Add component (AddParameter): Name = "Manufacturer"; Value = "Bosch Sensortec"; VariantName = "[No Variations]"
Add component (AddParameter): Name = "Manufacturer Part Number"; Value = "BMP390"; VariantName = "[No Variations]"
Added Component: Designator=U?(LFSPXO072801REEL)
Add component (AddParameter): Name = "Arrow Part Number"; Value = "LFSPXO072801REEL"; VariantName = "[No Variations]"
Add component (AddParameter): Name = "Arrow Price/Stock"; Value = "https://www.arrow.com/en/products/lfspxo072801reel/iqd-frequency-products?region=nac"; VariantName = "[No Variations]"
Add component (AddParameter): Name = "Datasheet Link"; Value = "https://eu.mouser.com/datasheet/2/741/LFSPXO072801Reel-1543851.pdf"; VariantName = "[No Variations]"
Add component (AddParameter): Name = "Height"; Value = "1mm"; VariantName = "[No Variations]"
Add component (AddParameter): Name = "Manufacturer_Name"; Value = "IQD"; VariantName = "[No Variations]"
Add component (AddParameter): Name = "Manufacturer_Part_Number"; Value = "LFSPXO072801REEL"; VariantName = "[No Variations]"
Add component (AddParameter): Name = "Mouser Part Number"; Value = "449-LFSPXO072801REEL"; VariantName = "[No Variations]"
Add component (AddParameter): Name = "Mouser Price/Stock"; Value = "https://www.mouser.co.uk/ProductDetail/IQD/LFSPXO072801Reel?qs=HXFqYaX1Q2yCGu0eBJbHng%3D%3D"; VariantName = "[No Variations]"
Added Component: Designator=U?(PMBT3906VS115)
Add component (AddParameter): Name = "Arrow Part Number"; Value = "PMBT3906VS,115"; VariantName = "[No Variations]"
Add component (AddParameter): Name = "Arrow Price/Stock"; Value = "https://www.arrow.com/en/products/pmbt3906vs115/nexperia?region=nac"; VariantName = "[No Variations]"
Add component (AddParameter): Name = "Datasheet Link"; Value = "https://assets.nexperia.com/documents/data-sheet/PMBT3906VS.pdf"; VariantName = "[No Variations]"
Add component (AddParameter): Name = "Height"; Value = "0.6mm"; VariantName = "[No Variations]"
Add component (AddParameter): Name = "Manufacturer_Name"; Value = "Nexperia"; VariantName = "[No Variations]"
Add component (AddParameter): Name = "Manufacturer_Part_Number"; Value = "PMBT3906VS,115"; VariantName = "[No Variations]"
Add component (AddParameter): Name = "Mouser Part Number"; Value = "771-PMBT3906VS115"; VariantName = "[No Variations]"
Add component (AddParameter): Name = "Mouser Price/Stock"; Value = "https://www.mouser.co.uk/ProductDetail/Nexperia/PMBT3906VS115?qs=LMSg3oBIm%2FguPDYx3FiBDA%3D%3D"; VariantName = "[No Variations]"
Added Component: Designator=U?(SON65P200X200X80-7N)
Add component (AddParameter): Name = "Arrow Part Number"; Value = "NCV8705MT33TCG"; VariantName = "[No Variations]"
Add component (AddParameter): Name = "Arrow Price/Stock"; Value = "https://www.arrow.com/en/products/ncv8705mt33tcg/on-semiconductor"; VariantName = "[No Variations]"
Add component (AddParameter): Name = "Datasheet Link"; Value = "https://mouser.componentsearchengine.com/Datasheets/2/NCV8705MT33TCG.pdf"; VariantName = "[No Variations]"
Add component (AddParameter): Name = "Height"; Value = "0.8mm"; VariantName = "[No Variations]"
Add component (AddParameter): Name = "Manufacturer_Name"; Value = "onsemi"; VariantName = "[No Variations]"
Add component (AddParameter): Name = "Manufacturer_Part_Number"; Value = "NCV8705MT33TCG"; VariantName = "[No Variations]"
Add component (AddParameter): Name = "Mouser Part Number"; Value = "863-NCV8705MT33TCG"; VariantName = "[No Variations]"
Add component (AddParameter): Name = "Mouser Price/Stock"; Value = "https://www.mouser.co.uk/ProductDetail/onsemi/NCV8705MT33TCG?qs=dbuNSGnowt08ckPc9kUZHw%3D%3D"; VariantName = "[No Variations]"
Added Component: Designator=U?(SON65P200X200X80-7N)
Add component (AddParameter): Name = "Arrow Part Number"; Value = "NCV8705MT33TCG"; VariantName = "[No Variations]"
Add component (AddParameter): Name = "Arrow Price/Stock"; Value = "https://www.arrow.com/en/products/ncv8705mt33tcg/on-semiconductor"; VariantName = "[No Variations]"
Add component (AddParameter): Name = "Datasheet Link"; Value = "https://mouser.componentsearchengine.com/Datasheets/2/NCV8705MT33TCG.pdf"; VariantName = "[No Variations]"
Add component (AddParameter): Name = "Height"; Value = "0.8mm"; VariantName = "[No Variations]"
Add component (AddParameter): Name = "Manufacturer_Name"; Value = "onsemi"; VariantName = "[No Variations]"
Add component (AddParameter): Name = "Manufacturer_Part_Number"; Value = "NCV8705MT33TCG"; VariantName = "[No Variations]"
Add component (AddParameter): Name = "Mouser Part Number"; Value = "863-NCV8705MT33TCG"; VariantName = "[No Variations]"
Add component (AddParameter): Name = "Mouser Price/Stock"; Value = "https://www.mouser.co.uk/ProductDetail/onsemi/NCV8705MT33TCG?qs=dbuNSGnowt08ckPc9kUZHw%3D%3D"; VariantName = "[No Variations]"
Added Component: Designator=U?(ZEDF9P15B)
Add component (AddParameter): Name = "Datasheet Link"; Value = "https://content.u-blox.com/sites/default/files/documents/ZED-F9P-15B_DataSheet_UBX-23009090.pdf"; VariantName = "[No Variations]"
Add component (AddParameter): Name = "Height"; Value = "2.6mm"; VariantName = "[No Variations]"
Add component (AddParameter): Name = "Manufacturer_Name"; Value = "U-Blox"; VariantName = "[No Variations]"
Add component (AddParameter): Name = "Manufacturer_Part_Number"; Value = "ZED-F9P-15B"; VariantName = "[No Variations]"
Add component (AddParameter): Name = "Mouser Part Number"; Value = "377-ZED-F9P-15B"; VariantName = "[No Variations]"
Added Component: Designator=U?(SON65P300X300X100-9N-D)
Add component (AddParameter): Name = "Arrow Part Number"; Value = "TJA1051TK/3,118"; VariantName = "[No Variations]"
Add component (AddParameter): Name = "Arrow Price/Stock"; Value = "https://www.arrow.com/en/products/tja1051tk3118/nxp-semiconductors?region=nac"; VariantName = "[No Variations]"
Add component (AddParameter): Name = "Datasheet Link"; Value = "http://www.nxp.com/docs/en/data-sheet/TJA1051.pdf"; VariantName = "[No Variations]"
Add component (AddParameter): Name = "Height"; Value = "1mm"; VariantName = "[No Variations]"
Add component (AddParameter): Name = "Manufacturer_Name"; Value = "NXP"; VariantName = "[No Variations]"
Add component (AddParameter): Name = "Manufacturer_Part_Number"; Value = "TJA1051TK/3,118"; VariantName = "[No Variations]"
Add component (AddParameter): Name = "Mouser Part Number"; Value = "771-TJA1051TK/3118"; VariantName = "[No Variations]"
Add component (AddParameter): Name = "Mouser Price/Stock"; Value = "https://www.mouser.co.uk/ProductDetail/NXP-Semiconductors/TJA1051TK-3118?qs=fhAOlxDPaYVrDQ2e4g%252BBJA%3D%3D"; VariantName = "[No Variations]"
Added Pin To Net: NetName=3.3V GPS Pin=C?-1
Added Pin To Net: NetName=3.3V GPS Pin=C?-1
Added Pin To Net: NetName=3.3V GPS Pin=C?-2
Added Pin To Net: NetName=3.3V GPS Pin=Q?-3
Added Pin To Net: NetName=3.3V GPS Pin=R?-2
Added Pin To Net: NetName=3.3V GPS Pin=R?-2
Added Pin To Net: NetName=3.3V GPS Pin=U?-1
Added Net: Name=3.3V GPS
Added Pin To Net: NetName=3.3V Pin=C?-1
Added Pin To Net: NetName=3.3V Pin=C?-1
Added Pin To Net: NetName=3.3V Pin=C?-1
Added Pin To Net: NetName=3.3V Pin=C?-2
Added Pin To Net: NetName=3.3V Pin=C?-2
Added Pin To Net: NetName=3.3V Pin=C?-2
Added Pin To Net: NetName=3.3V Pin=C?-2
Added Pin To Net: NetName=3.3V Pin=C?-2
Added Pin To Net: NetName=3.3V Pin=C?-2
Added Pin To Net: NetName=3.3V Pin=C?-2
Added Pin To Net: NetName=3.3V Pin=C?-2
Added Pin To Net: NetName=3.3V Pin=C?-2
Added Pin To Net: NetName=3.3V Pin=C?-2
Added Pin To Net: NetName=3.3V Pin=C?-2
Added Pin To Net: NetName=3.3V Pin=C?-2
Added Pin To Net: NetName=3.3V Pin=C?-2
Added Pin To Net: NetName=3.3V Pin=J?-1
Added Pin To Net: NetName=3.3V Pin=R?-2
Added Pin To Net: NetName=3.3V Pin=R?-2
Added Pin To Net: NetName=3.3V Pin=R?-2
Added Pin To Net: NetName=3.3V Pin=R?-2
Added Pin To Net: NetName=3.3V Pin=R?-2
Added Pin To Net: NetName=3.3V Pin=R?-2
Added Pin To Net: NetName=3.3V Pin=U?-1
Added Pin To Net: NetName=3.3V Pin=U?-1
Added Pin To Net: NetName=3.3V Pin=U?-1
Added Pin To Net: NetName=3.3V Pin=U?-1
Added Pin To Net: NetName=3.3V Pin=U?-4
Added Pin To Net: NetName=3.3V Pin=U?-5
Added Pin To Net: NetName=3.3V Pin=U?-5
Added Pin To Net: NetName=3.3V Pin=U?-6
Added Pin To Net: NetName=3.3V Pin=U?-8
Added Pin To Net: NetName=3.3V Pin=U?-9
Added Pin To Net: NetName=3.3V Pin=U?-10
Added Pin To Net: NetName=3.3V Pin=U?-24
Added Pin To Net: NetName=3.3V Pin=U?-36
Added Pin To Net: NetName=3.3V Pin=U?-48
Added Pin To Net: NetName=3.3V Pin=U?-A1
Added Pin To Net: NetName=3.3V Pin=U?-B2
Added Pin To Net: NetName=3.3V Pin=U?-E5
Added Net: Name=3.3V
Added Pin To Net: NetName=5V CAN Pin=C?-2
Added Pin To Net: NetName=5V CAN Pin=C?-2
Added Pin To Net: NetName=5V CAN Pin=C?-2
Added Pin To Net: NetName=5V CAN Pin=D?-1
Added Pin To Net: NetName=5V CAN Pin=J?-1
Added Pin To Net: NetName=5V CAN Pin=J?-1
Added Pin To Net: NetName=5V CAN Pin=J?-1
Added Net: Name=5V CAN
Added Pin To Net: NetName=5V Pin=C?-1
Added Pin To Net: NetName=5V Pin=C?-2
Added Pin To Net: NetName=5V Pin=C?-2
Added Pin To Net: NetName=5V Pin=C?-2
Added Pin To Net: NetName=5V Pin=D?-6
Added Pin To Net: NetName=5V Pin=U?-3
Added Pin To Net: NetName=5V Pin=U?-4
Added Pin To Net: NetName=5V Pin=U?-4
Added Pin To Net: NetName=5V Pin=U?-6
Added Pin To Net: NetName=5V Pin=U?-6
Added Net: Name=5V
Added Pin To Net: NetName=CAN1_RX Pin=U?-4
Added Pin To Net: NetName=CAN1_RX Pin=U?-32
Added Net: Name=CAN1_RX
Added Pin To Net: NetName=CAN1_TX Pin=U?-1
Added Pin To Net: NetName=CAN1_TX Pin=U?-33
Added Net: Name=CAN1_TX
Added Pin To Net: NetName=CAN_N Pin=D?-1
Added Pin To Net: NetName=CAN_N Pin=J?-3
Added Pin To Net: NetName=CAN_N Pin=J?-3
Added Pin To Net: NetName=CAN_N Pin=Q?-2
Added Pin To Net: NetName=CAN_N Pin=U?-6
Added Net: Name=CAN_N
Added Pin To Net: NetName=CAN_P Pin=D?-2
Added Pin To Net: NetName=CAN_P Pin=J?-2
Added Pin To Net: NetName=CAN_P Pin=J?-2
Added Pin To Net: NetName=CAN_P Pin=R?-2
Added Pin To Net: NetName=CAN_P Pin=U?-7
Added Net: Name=CAN_P
Added Pin To Net: NetName=F9P_ANT Pin=D?-2
Added Pin To Net: NetName=F9P_ANT Pin=J?-1
Added Pin To Net: NetName=F9P_ANT Pin=L?-1
Added Pin To Net: NetName=F9P_ANT Pin=U?-2
Added Net: Name=F9P_ANT
Added Pin To Net: NetName=F9P_RXD2 Pin=D?-1
Added Pin To Net: NetName=F9P_RXD2 Pin=J?-3
Added Pin To Net: NetName=F9P_RXD2 Pin=U?-26
Added Net: Name=F9P_RXD2
Added Pin To Net: NetName=F9P_TXD2 Pin=D?-1
Added Pin To Net: NetName=F9P_TXD2 Pin=J?-2
Added Pin To Net: NetName=F9P_TXD2 Pin=U?-27
Added Net: Name=F9P_TXD2
Added Pin To Net: NetName=F9P_VCC_RF Pin=R?-2
Added Pin To Net: NetName=F9P_VCC_RF Pin=U?-7
Added Net: Name=F9P_VCC_RF
Added Pin To Net: NetName=GND Pin=C?-1
Added Pin To Net: NetName=GND Pin=C?-1
Added Pin To Net: NetName=GND Pin=C?-1
Added Pin To Net: NetName=GND Pin=C?-1
Added Pin To Net: NetName=GND Pin=C?-1
Added Pin To Net: NetName=GND Pin=C?-1
Added Pin To Net: NetName=GND Pin=C?-1
Added Pin To Net: NetName=GND Pin=C?-1
Added Pin To Net: NetName=GND Pin=C?-1
Added Pin To Net: NetName=GND Pin=C?-1
Added Pin To Net: NetName=GND Pin=C?-1
Added Pin To Net: NetName=GND Pin=C?-1
Added Pin To Net: NetName=GND Pin=C?-1
Added Pin To Net: NetName=GND Pin=C?-1
Added Pin To Net: NetName=GND Pin=C?-1
Added Pin To Net: NetName=GND Pin=C?-1
Added Pin To Net: NetName=GND Pin=C?-1
Added Pin To Net: NetName=GND Pin=C?-1
Added Pin To Net: NetName=GND Pin=C?-1
Added Pin To Net: NetName=GND Pin=C?-1
Added Pin To Net: NetName=GND Pin=C?-1
Added Pin To Net: NetName=GND Pin=C?-1
Added Pin To Net: NetName=GND Pin=C?-1
Added Pin To Net: NetName=GND Pin=C?-1
Added Pin To Net: NetName=GND Pin=C?-1
Added Pin To Net: NetName=GND Pin=C?-1
Added Pin To Net: NetName=GND Pin=C?-1
Added Pin To Net: NetName=GND Pin=C?-1
Added Pin To Net: NetName=GND Pin=C?-2
Added Pin To Net: NetName=GND Pin=C?-2
Added Pin To Net: NetName=GND Pin=C?-2
Added Pin To Net: NetName=GND Pin=C?-2
Added Pin To Net: NetName=GND Pin=C?-2
Added Pin To Net: NetName=GND Pin=C?-2
Added Pin To Net: NetName=GND Pin=C?-2
Added Pin To Net: NetName=GND Pin=D?-1
Added Pin To Net: NetName=GND Pin=D?-2
Added Pin To Net: NetName=GND Pin=D?-2
Added Pin To Net: NetName=GND Pin=D?-2
Added Pin To Net: NetName=GND Pin=D?-2
Added Pin To Net: NetName=GND Pin=D?-2
Added Pin To Net: NetName=GND Pin=D?-2
Added Pin To Net: NetName=GND Pin=D?-2
Added Pin To Net: NetName=GND Pin=D?-3
Added Pin To Net: NetName=GND Pin=J?-1
Added Pin To Net: NetName=GND Pin=J?-4
Added Pin To Net: NetName=GND Pin=J?-4
Added Pin To Net: NetName=GND Pin=J?-6
Added Pin To Net: NetName=GND Pin=J?-6
Added Pin To Net: NetName=GND Pin=J?-7
Added Pin To Net: NetName=GND Pin=J?-G1
Added Pin To Net: NetName=GND Pin=J?-G2
Added Pin To Net: NetName=GND Pin=L?-1
Added Pin To Net: NetName=GND Pin=L?-4
Added Pin To Net: NetName=GND Pin=Q?-2
Added Pin To Net: NetName=GND Pin=Q?-2
Added Pin To Net: NetName=GND Pin=R?-1
Added Pin To Net: NetName=GND Pin=R?-1
Added Pin To Net: NetName=GND Pin=R?-1
Added Pin To Net: NetName=GND Pin=R?-1
Added Pin To Net: NetName=GND Pin=R?-1
Added Pin To Net: NetName=GND Pin=R?-1
Added Pin To Net: NetName=GND Pin=R?-1
Added Pin To Net: NetName=GND Pin=R?-1
Added Pin To Net: NetName=GND Pin=U?-1
Added Pin To Net: NetName=GND Pin=U?-2
Added Pin To Net: NetName=GND Pin=U?-2
Added Pin To Net: NetName=GND Pin=U?-2
Added Pin To Net: NetName=GND Pin=U?-3
Added Pin To Net: NetName=GND Pin=U?-3
Added Pin To Net: NetName=GND Pin=U?-3
Added Pin To Net: NetName=GND Pin=U?-3
Added Pin To Net: NetName=GND Pin=U?-3
Added Pin To Net: NetName=GND Pin=U?-5
Added Pin To Net: NetName=GND Pin=U?-6
Added Pin To Net: NetName=GND Pin=U?-7
Added Pin To Net: NetName=GND Pin=U?-7
Added Pin To Net: NetName=GND Pin=U?-7
Added Pin To Net: NetName=GND Pin=U?-8
Added Pin To Net: NetName=GND Pin=U?-8
Added Pin To Net: NetName=GND Pin=U?-9
Added Pin To Net: NetName=GND Pin=U?-9
Added Pin To Net: NetName=GND Pin=U?-10
Added Pin To Net: NetName=GND Pin=U?-11
Added Pin To Net: NetName=GND Pin=U?-12
Added Pin To Net: NetName=GND Pin=U?-14
Added Pin To Net: NetName=GND Pin=U?-23
Added Pin To Net: NetName=GND Pin=U?-32
Added Pin To Net: NetName=GND Pin=U?-35
Added Pin To Net: NetName=GND Pin=U?-37
Added Pin To Net: NetName=GND Pin=U?-41
Added Pin To Net: NetName=GND Pin=U?-47
Added Pin To Net: NetName=GND Pin=U?-48
Added Pin To Net: NetName=GND Pin=U?-49
Added Pin To Net: NetName=GND Pin=U?-55
Added Pin To Net: NetName=GND Pin=U?-A5
Added Pin To Net: NetName=GND Pin=U?-C1
Added Pin To Net: NetName=GND Pin=U?-C5
Added Pin To Net: NetName=GND Pin=U?-E1
Added Pin To Net: NetName=GND Pin=U?-E3
Added Pin To Net: NetName=GND Pin=J?-5
Added Pin To Net: NetName=GND Pin=J?-6
Added Pin To Net: NetName=GND Pin=J?-5
Added Pin To Net: NetName=GND Pin=J?-6
Added Pin To Net: NetName=GND Pin=J?-8
Added Pin To Net: NetName=GND Pin=J?-MP1
Added Pin To Net: NetName=GND Pin=J?-MP2
Added Pin To Net: NetName=GND Pin=U?-56
Added Pin To Net: NetName=GND Pin=U?-57
Added Pin To Net: NetName=GND Pin=U?-58
Added Pin To Net: NetName=GND Pin=U?-59
Added Pin To Net: NetName=GND Pin=U?-60
Added Pin To Net: NetName=GND Pin=U?-61
Added Pin To Net: NetName=GND Pin=U?-62
Added Pin To Net: NetName=GND Pin=U?-63
Added Pin To Net: NetName=GND Pin=U?-64
Added Pin To Net: NetName=GND Pin=U?-65
Added Pin To Net: NetName=GND Pin=U?-66
Added Pin To Net: NetName=GND Pin=U?-67
Added Pin To Net: NetName=GND Pin=U?-68
Added Pin To Net: NetName=GND Pin=U?-69
Added Pin To Net: NetName=GND Pin=U?-70
Added Pin To Net: NetName=GND Pin=U?-71
Added Pin To Net: NetName=GND Pin=U?-72
Added Pin To Net: NetName=GND Pin=U?-73
Added Pin To Net: NetName=GND Pin=U?-74
Added Pin To Net: NetName=GND Pin=U?-75
Added Pin To Net: NetName=GND Pin=U?-76
Added Pin To Net: NetName=GND Pin=U?-77
Added Pin To Net: NetName=GND Pin=U?-78
Added Pin To Net: NetName=GND Pin=U?-79
Added Pin To Net: NetName=GND Pin=U?-80
Added Pin To Net: NetName=GND Pin=U?-81
Added Pin To Net: NetName=GND Pin=U?-82
Added Pin To Net: NetName=GND Pin=U?-83
Added Pin To Net: NetName=GND Pin=U?-84
Added Pin To Net: NetName=GND Pin=U?-85
Added Pin To Net: NetName=GND Pin=U?-86
Added Pin To Net: NetName=GND Pin=U?-87
Added Pin To Net: NetName=GND Pin=U?-88
Added Pin To Net: NetName=GND Pin=U?-89
Added Pin To Net: NetName=GND Pin=U?-90
Added Pin To Net: NetName=GND Pin=U?-91
Added Pin To Net: NetName=GND Pin=U?-92
Added Pin To Net: NetName=GND Pin=U?-93
Added Pin To Net: NetName=GND Pin=U?-94
Added Pin To Net: NetName=GND Pin=U?-95
Added Pin To Net: NetName=GND Pin=U?-96
Added Pin To Net: NetName=GND Pin=U?-97
Added Pin To Net: NetName=GND Pin=U?-98
Added Pin To Net: NetName=GND Pin=U?-99
Added Pin To Net: NetName=GND Pin=U?-100
Added Pin To Net: NetName=GND Pin=U?-101
Added Pin To Net: NetName=GND Pin=U?-102
Added Net: Name=GND
Added Pin To Net: NetName=I2C1_SCL_MAG Pin=R?-1
Added Pin To Net: NetName=I2C1_SCL_MAG Pin=U?-42
Added Pin To Net: NetName=I2C1_SCL_MAG Pin=U?-A3
Added Net: Name=I2C1_SCL_MAG
Added Pin To Net: NetName=I2C1_SDA_MAG Pin=R?-1
Added Pin To Net: NetName=I2C1_SDA_MAG Pin=U?-43
Added Pin To Net: NetName=I2C1_SDA_MAG Pin=U?-B4
Added Net: Name=I2C1_SDA_MAG
Added Pin To Net: NetName=I2C2_SCL_BARO Pin=R?-1
Added Pin To Net: NetName=I2C2_SCL_BARO Pin=U?-2
Added Pin To Net: NetName=I2C2_SCL_BARO Pin=U?-21
Added Net: Name=I2C2_SCL_BARO
Added Pin To Net: NetName=I2C2_SDA_BARO Pin=R?-1
Added Pin To Net: NetName=I2C2_SDA_BARO Pin=U?-4
Added Pin To Net: NetName=I2C2_SDA_BARO Pin=U?-46
Added Net: Name=I2C2_SDA_BARO
Added Pin To Net: NetName=NetC?_1 Pin=C?-1
Added Pin To Net: NetName=NetC?_1 Pin=R?-1
Added Net: Name=NetC?_1
Added Pin To Net: NetName=NetC?_2 Pin=C?-2
Added Pin To Net: NetName=NetC?_2 Pin=R?-2
Added Pin To Net: NetName=NetC?_2 Pin=R?-2
Added Pin To Net: NetName=NetC?_2 Pin=R?-2
Added Net: Name=NetC?_2
Add Net: Net with name "NetC?_2" already exists
Add Net: Net with name "NetC?_2" already exists
Add Net: Net with name "NetC?_2" already exists
Added Pin To Net: NetName=NetD?_1 Pin=D?-1
Added Pin To Net: NetName=NetD?_1 Pin=R?-2
Added Net: Name=NetD?_1
Added Pin To Net: NetName=NetD?_3 Pin=D?-3
Added Pin To Net: NetName=NetD?_3 Pin=R?-2
Added Net: Name=NetD?_3
Added Pin To Net: NetName=NetJ?_2 Pin=J?-2
Added Net: Name=NetJ?_2
Added Pin To Net: NetName=NetJ?_3 Pin=J?-3
Added Pin To Net: NetName=NetJ?_3 Pin=R?-2
Added Net: Name=NetJ?_3
Added Pin To Net: NetName=NetJ?_9 Pin=R?-2
Added Net: Name=NetJ?_9
Added Pin To Net: NetName=NetQ?_1 Pin=Q?-1
Added Pin To Net: NetName=NetQ?_1 Pin=Q?-2
Added Pin To Net: NetName=NetQ?_1 Pin=R?-2
Added Net: Name=NetQ?_1
Add Net: Net with name "NetQ?_1" already exists
Added Pin To Net: NetName=NetQ?_3 Pin=Q?-3
Added Pin To Net: NetName=NetQ?_3 Pin=R?-2
Added Net: Name=NetQ?_3
Add Net: Net with name "NetQ?_3" already exists
Add Net: Net with name "NetQ?_3" already exists
Added Pin To Net: NetName=NetR?_1 Pin=R?-1
Added Pin To Net: NetName=NetR?_1 Pin=U?-36
Added Net: Name=NetR?_1
Add Net: Net with name "NetR?_1" already exists
Add Net: Net with name "NetR?_1" already exists
Add Net: Net with name "NetR?_1" already exists
Add Net: Net with name "NetR?_1" already exists
Add Net: Net with name "NetR?_1" already exists
Add Net: Net with name "NetR?_1" already exists
Added Pin To Net: NetName=NetR?_2 Pin=R?-2
Added Pin To Net: NetName=NetR?_2 Pin=U?-5
Added Pin To Net: NetName=NetR?_2 Pin=U?-6
Added Net: Name=NetR?_2
Add Net: Net with name "NetR?_2" already exists
Added Pin To Net: NetName=OSC_IN Pin=C?-2
Added Pin To Net: NetName=OSC_IN Pin=R?-2
Added Pin To Net: NetName=OSC_IN Pin=U?-5
Added Net: Name=OSC_IN
Added Pin To Net: NetName=RTK_STAT Pin=Q?-1
Added Pin To Net: NetName=RTK_STAT Pin=R?-1
Added Pin To Net: NetName=RTK_STAT Pin=U?-20
Added Net: Name=RTK_STAT
Added Pin To Net: NetName=SPI1_CS_ICM42688P Pin=U?-12
Added Pin To Net: NetName=SPI1_CS_ICM42688P Pin=U?-18
Added Net: Name=SPI1_CS_ICM42688P
Added Pin To Net: NetName=SPI1_DRDY_ICM42688P Pin=U?-4
Added Pin To Net: NetName=SPI1_DRDY_ICM42688P Pin=U?-19
Added Net: Name=SPI1_DRDY_ICM42688P
Added Pin To Net: NetName=SPI1_FSYNC_ICM42688P_TIM10_CH1 Pin=U?-9
Added Pin To Net: NetName=SPI1_FSYNC_ICM42688P_TIM10_CH1 Pin=U?-45
Added Net: Name=SPI1_FSYNC_ICM42688P_TIM10_CH1
Added Pin To Net: NetName=SPI1_MISO Pin=U?-1
Added Pin To Net: NetName=SPI1_MISO Pin=U?-16
Added Net: Name=SPI1_MISO
Added Pin To Net: NetName=SPI1_MOSI Pin=U?-14
Added Pin To Net: NetName=SPI1_MOSI Pin=U?-17
Added Net: Name=SPI1_MOSI
Added Pin To Net: NetName=SPI1_SCK Pin=U?-13
Added Pin To Net: NetName=SPI1_SCK Pin=U?-15
Added Net: Name=SPI1_SCK
Added Pin To Net: NetName=SYS_SWCLK Pin=D?-1
Added Pin To Net: NetName=SYS_SWCLK Pin=J?-5
Added Pin To Net: NetName=SYS_SWCLK Pin=U?-37
Added Net: Name=SYS_SWCLK
Added Pin To Net: NetName=SYS_SWDIO Pin=D?-1
Added Pin To Net: NetName=SYS_SWDIO Pin=J?-4
Added Pin To Net: NetName=SYS_SWDIO Pin=U?-34
Added Net: Name=SYS_SWDIO
Added Pin To Net: NetName=TIMEPULSE Pin=Q?-1
Added Pin To Net: NetName=TIMEPULSE Pin=R?-2
Added Pin To Net: NetName=TIMEPULSE Pin=U?-20
Added Pin To Net: NetName=TIMEPULSE Pin=U?-53
Added Net: Name=TIMEPULSE
Added Pin To Net: NetName=TX_READY Pin=U?-40
Added Pin To Net: NetName=TX_READY Pin=U?-46
Added Net: Name=TX_READY
Added Pin To Net: NetName=USART1_GPS_RX Pin=U?-39
Added Pin To Net: NetName=USART1_GPS_RX Pin=U?-42
Added Net: Name=USART1_GPS_RX
Added Pin To Net: NetName=USART1_GPS_TX Pin=U?-38
Added Pin To Net: NetName=USART1_GPS_TX Pin=U?-43
Added Net: Name=USART1_GPS_TX
Added Pin To Net: NetName=USART2_RX Pin=D?-1
Added Pin To Net: NetName=USART2_RX Pin=J?-3
Added Pin To Net: NetName=USART2_RX Pin=U?-13
Added Net: Name=USART2_RX
Added Pin To Net: NetName=USART2_TX Pin=D?-1
Added Pin To Net: NetName=USART2_TX Pin=J?-2
Added Pin To Net: NetName=USART2_TX Pin=U?-12
Added Net: Name=USART2_TX
Added Pin To Net: NetName=USB_EXT_N Pin=J?-5
Added Pin To Net: NetName=USB_EXT_N Pin=L?-2
Added Net: Name=USB_EXT_N
Added Pin To Net: NetName=USB_EXT_P Pin=J?-6
Added Pin To Net: NetName=USB_EXT_P Pin=L?-3
Added Net: Name=USB_EXT_P
Added Pin To Net: NetName=USB_N Pin=R?-2
Added Pin To Net: NetName=USB_N Pin=U?-39
Added Net: Name=USB_N
Added Pin To Net: NetName=USB_P Pin=R?-2
Added Pin To Net: NetName=USB_P Pin=U?-40
Added Net: Name=USB_P
Added Pin To Net: NetName=USB_R_N Pin=L?-6
Added Pin To Net: NetName=USB_R_N Pin=R?-1
Added Net: Name=USB_R_N
Added Pin To Net: NetName=USB_R_P Pin=L?-5
Added Pin To Net: NetName=USB_R_P Pin=R?-1
Added Net: Name=USB_R_P
Added Pin To Net: NetName=V_USB Pin=C?-2
Added Pin To Net: NetName=V_USB Pin=U?-38
Added Net: Name=V_USB
Added Pin To Net: NetName=VCC_RF Pin=R?-1
Added Pin To Net: NetName=VCC_RF Pin=R?-1
Added Net: Name=VCC_RF
Added Class: Name=NavIC_F9P_RTK_Schematic2
Added Class: Name=NavIC_F9P_RTK_Schematic3
