Removed Pin From Net: NetName=GND Pin=J?-1
Removed Pin From Net: NetName=NetJ?_2 Pin=J?-2
Removed Pin From Net: NetName=NetJ?_3 Pin=J?-3
Removed Pin From Net: NetName=USB_EXT_N Pin=J?-5
Removed Pin From Net: NetName=USB_EXT_P Pin=J?-6
Added Component: Designator=J?(JAE_DX07S016JA1R1500)
Add component (AddParameter): Name = "Availability"; Value = "Unavailable"; VariantName = "[No Variations]"
Add component (AddParameter): Name = "MF"; Value = ""; VariantName = "[No Variations]"
Add component (AddParameter): Name = "MP"; Value = "DX07S016JA1R1500"; VariantName = "[No Variations]"
Add component (AddParameter): Name = "Package"; Value = "None"; VariantName = "[No Variations]"
Add component (AddParameter): Name = "Price"; Value = "None"; VariantName = "[No Variations]"
Add component (AddParameter): Name = "Value"; Value = ""; VariantName = "[No Variations]"
Added Pin To Net: NetName=5V CAN Pin=J?-1
Added Pin To Net: NetName=GND Pin=J?-1
Added Pin To Net: NetName=CAN_P Pin=J?-2
Added Pin To Net: NetName=NetJ?_2 Pin=J?-2
Added Pin To Net: NetName=CAN_N Pin=J?-3
Added Pin To Net: NetName=NetJ?_3 Pin=J?-3
Added Pin To Net: NetName=GND Pin=J?-5
Added Pin To Net: NetName=USB_EXT_N Pin=J?-5
Added Pin To Net: NetName=GND Pin=J?-6
Added Pin To Net: NetName=USB_EXT_P Pin=J?-6
Added Pin To Net: NetName=USB_EXT_P Pin=J?-7
Added Pin To Net: NetName=USB_EXT_N Pin=J?-8
Added Pin To Net: NetName=NetJ?_9 Pin=J?-9
Added Pin To Net: NetName=NetJ?_2 Pin=J?-11
Added Pin To Net: NetName=GND Pin=J?-12
Added Pin To Net: NetName=GND Pin=J?-S1
Added Pin To Net: NetName=GND Pin=J?-S2
Added Pin To Net: NetName=GND Pin=J?-S3
Added Pin To Net: NetName=GND Pin=J?-S4
Added Pin To Net: NetName=GND Pin=J?-S5
Added Pin To Net: NetName=GND Pin=J?-S6
Add Net: Net with name "NetC?_2" already exists
Add Net: Net with name "NetC?_2" already exists
Add Net: Net with name "NetC?_2" already exists
Add Net: Net with name "NetQ?_1" already exists
Add Net: Net with name "NetQ?_3" already exists
Add Net: Net with name "NetQ?_3" already exists
Add Net: Net with name "NetR?_1" already exists
Add Net: Net with name "NetR?_1" already exists
Add Net: Net with name "NetR?_1" already exists
Add Net: Net with name "NetR?_1" already exists
Add Net: Net with name "NetR?_1" already exists
Add Net: Net with name "NetR?_1" already exists
Add Net: Net with name "NetR?_2" already exists
Added Member To Class: ClassName=NavIC_F9P_RTK_Schematic2 Member=Component C? 2.2uF
Added Member To Class: ClassName=NavIC_F9P_RTK_Schematic2 Member=Component C? 10uF
Added Member To Class: ClassName=NavIC_F9P_RTK_Schematic2 Member=Component C? 10uF
Added Member To Class: ClassName=NavIC_F9P_RTK_Schematic2 Member=Component C? 10uF
Added Member To Class: ClassName=NavIC_F9P_RTK_Schematic2 Member=Component C? 2.2uF
Added Member To Class: ClassName=NavIC_F9P_RTK_Schematic2 Member=Component C? 0.1uF
Added Member To Class: ClassName=NavIC_F9P_RTK_Schematic2 Member=Component C? 0.1uF
Added Member To Class: ClassName=NavIC_F9P_RTK_Schematic2 Member=Component C? 1uF
Added Member To Class: ClassName=NavIC_F9P_RTK_Schematic2 Member=Component C? 10uF
Added Member To Class: ClassName=NavIC_F9P_RTK_Schematic2 Member=Component C? 10uF
Added Member To Class: ClassName=NavIC_F9P_RTK_Schematic2 Member=Component C? 0.1uF
Added Member To Class: ClassName=NavIC_F9P_RTK_Schematic2 Member=Component C? 2.2uF
Added Member To Class: ClassName=NavIC_F9P_RTK_Schematic2 Member=Component C? 10uF
Added Member To Class: ClassName=NavIC_F9P_RTK_Schematic2 Member=Component C? 10uF
Added Member To Class: ClassName=NavIC_F9P_RTK_Schematic2 Member=Component C? 1uF
Added Member To Class: ClassName=NavIC_F9P_RTK_Schematic3 Member=Component C? 0.1uF
Added Member To Class: ClassName=NavIC_F9P_RTK_Schematic3 Member=Component C? 0.1uF
Added Member To Class: ClassName=NavIC_F9P_RTK_Schematic3 Member=Component C? 10nF
Added Member To Class: ClassName=NavIC_F9P_RTK_Schematic3 Member=Component C? 1uF
Added Member To Class: ClassName=NavIC_F9P_RTK_Schematic3 Member=Component C? 0.1uF
Added Member To Class: ClassName=NavIC_F9P_RTK_Schematic3 Member=Component C? 100pF
Added Member To Class: ClassName=NavIC_F9P_RTK_Schematic3 Member=Component C? 0.1uF
Added Member To Class: ClassName=NavIC_F9P_RTK_Schematic3 Member=Component C? 0.1uF
Added Member To Class: ClassName=NavIC_F9P_RTK_Schematic3 Member=Component C? 2.2uF
Added Member To Class: ClassName=NavIC_F9P_RTK_Schematic3 Member=Component C? 2.2uF
Added Member To Class: ClassName=NavIC_F9P_RTK_Schematic3 Member=Component C? 220 mF
Added Member To Class: ClassName=NavIC_F9P_RTK_Schematic3 Member=Component C? 0.1uF
Added Member To Class: ClassName=NavIC_F9P_RTK_Schematic3 Member=Component C? 4.7uF
Added Member To Class: ClassName=NavIC_F9P_RTK_Schematic3 Member=Component C? 0.1uF
Added Member To Class: ClassName=NavIC_F9P_RTK_Schematic3 Member=Component C? 0.1uF
Added Member To Class: ClassName=NavIC_F9P_RTK_Schematic3 Member=Component C? 0.1uF
Added Member To Class: ClassName=NavIC_F9P_RTK_Schematic3 Member=Component C? 0.1uF
Added Member To Class: ClassName=NavIC_F9P_RTK_Schematic3 Member=Component C? 10nF
Added Member To Class: ClassName=NavIC_F9P_RTK_Schematic2 Member=Component D? PESD1CAN-UX
Added Member To Class: ClassName=NavIC_F9P_RTK_Schematic2 Member=Component D? LM66100DCKR
Added Member To Class: ClassName=NavIC_F9P_RTK_Schematic2 Member=Component D? ESD9C3.3ST5G
Added Member To Class: ClassName=NavIC_F9P_RTK_Schematic2 Member=Component D? ESD9C3.3ST5G
Added Member To Class: ClassName=NavIC_F9P_RTK_Schematic3 Member=Component D? ESD9C3.3ST5G
Added Member To Class: ClassName=NavIC_F9P_RTK_Schematic3 Member=Component D? ESD9C3.3ST5G
Added Member To Class: ClassName=NavIC_F9P_RTK_Schematic3 Member=Component D? ESD9C3.3ST5G
Added Member To Class: ClassName=NavIC_F9P_RTK_Schematic3 Member=Component D? ESD9C3.3ST5G
Added Member To Class: ClassName=NavIC_F9P_RTK_Schematic2 Member=Component J? SM04B-GHS-TB(LF)(SN)
Added Member To Class: ClassName=NavIC_F9P_RTK_Schematic2 Member=Component J? SM06B-GHS-TB_LF__SN_
Added Member To Class: ClassName=NavIC_F9P_RTK_Schematic2 Member=Component J? SM04B-GHS-TB(LF)(SN)
Added Member To Class: ClassName=NavIC_F9P_RTK_Schematic3 Member=Component J? SM06B-SRSS-TB_LF__SN_
Added Member To Class: ClassName=NavIC_F9P_RTK_Schematic3 Member=Component Q? DMN53D0L-7
Added Member To Class: ClassName=NavIC_F9P_RTK_Schematic3 Member=Component Q? DMN53D0L-7
Added Member To Class: ClassName=NavIC_F9P_RTK_Schematic2 Member=Component R? 2.2K
Added Member To Class: ClassName=NavIC_F9P_RTK_Schematic2 Member=Component R? 100K
Added Member To Class: ClassName=NavIC_F9P_RTK_Schematic2 Member=Component R? 10
Added Member To Class: ClassName=NavIC_F9P_RTK_Schematic2 Member=Component R? 5.1K
Added Member To Class: ClassName=NavIC_F9P_RTK_Schematic2 Member=Component R? 120
Added Member To Class: ClassName=NavIC_F9P_RTK_Schematic2 Member=Component R? 0
Added Member To Class: ClassName=NavIC_F9P_RTK_Schematic2 Member=Component R? 100K
Added Member To Class: ClassName=NavIC_F9P_RTK_Schematic2 Member=Component R? 220
Added Member To Class: ClassName=NavIC_F9P_RTK_Schematic3 Member=Component R? 0
Added Member To Class: ClassName=NavIC_F9P_RTK_Schematic3 Member=Component R? 100K
Added Member To Class: ClassName=NavIC_F9P_RTK_Schematic3 Member=Component R? 5.1K
Added Member To Class: ClassName=NavIC_F9P_RTK_Schematic3 Member=Component R? 100K
Added Member To Class: ClassName=NavIC_F9P_RTK_Schematic3 Member=Component R? 5.1K
Added Member To Class: ClassName=NavIC_F9P_RTK_Schematic3 Member=Component R? 0
Added Member To Class: ClassName=NavIC_F9P_RTK_Schematic3 Member=Component R? 150
Added Member To Class: ClassName=NavIC_F9P_RTK_Schematic3 Member=Component R? 100K
Added Member To Class: ClassName=NavIC_F9P_RTK_Schematic3 Member=Component R? 100K
Added Member To Class: ClassName=NavIC_F9P_RTK_Schematic3 Member=Component R? 5.1K
Added Member To Class: ClassName=NavIC_F9P_RTK_Schematic3 Member=Component R? 5.1K
Added Member To Class: ClassName=NavIC_F9P_RTK_Schematic3 Member=Component R? 27
Added Member To Class: ClassName=NavIC_F9P_RTK_Schematic3 Member=Component R? 100K
Added Member To Class: ClassName=NavIC_F9P_RTK_Schematic3 Member=Component R? 0
Added Member To Class: ClassName=NavIC_F9P_RTK_Schematic3 Member=Component R? 5.1K
Added Member To Class: ClassName=NavIC_F9P_RTK_Schematic3 Member=Component R? 27
Added Member To Class: ClassName=NavIC_F9P_RTK_Schematic3 Member=Component R? 5.1K
Added Member To Class: ClassName=NavIC_F9P_RTK_Schematic3 Member=Component R? 150
Added Member To Class: ClassName=NavIC_F9P_RTK_Schematic3 Member=Component R? 150
Added Member To Class: ClassName=NavIC_F9P_RTK_Schematic2 Member=Component U? TJA1051TK_3,118
Added Member To Class: ClassName=NavIC_F9P_RTK_Schematic2 Member=Component U? NCV8705MT33TCG
Added Member To Class: ClassName=NavIC_F9P_RTK_Schematic2 Member=Component U? NCV8705MT33TCG
Added Member To Class: ClassName=NavIC_F9P_RTK_Schematic3 Member=Component U? ICM-42688-P
Added Member To Class: ClassName=NavIC_F9P_RTK_Schematic3 Member=Component U? BMP390
Added Member To Class: ClassName=NavIC_F9P_RTK_Schematic3 Member=Component U? STM32F412CEU6
Added Member To Class: ClassName=NavIC_F9P_RTK_Schematic3 Member=Component U? LFSPXO072801REEL
Added Member To Class: ClassName=NavIC_F9P_RTK_Schematic3 Member=Component U? ZED-F9P-15B
Added Member To Class: ClassName=NavIC_F9P_RTK_Schematic3 Member=Component U? BMM150
